make.exe all --print-data-base --no-builtin-variables --no-builtin-rules --question
# GNU Make 4.2.1
# Built for x86_64-w64-mingw32
# Copyright (C) 1988-2016 Free Software Foundation, Inc.
# License GPLv3+: GNU GPL version 3 or later <http://gnu.org/licenses/gpl.html>
# This is free software: you are free to change and redistribute it.
# There is NO WARRANTY, to the extent permitted by law.

# Make data base, printed on Wed Jun 15 19:06:06 2022

# Variables

# 'override' directive
GNUMAKEFLAGS := 
# automatic
<D = $(patsubst %/,%,$(patsubst %\,%,$(dir $<)))
# automatic
?F = $(notdir $?)
# default
.SHELLFLAGS := -c
# makefile (from 'Makefile', line 171)
LDSCRIPT = STM32L010F4Px_FLASH.ld
# makefile
MAKEFLAGS = pqrR
# environment
VSCODE_LOG_NATIVE = false
# makefile (from 'Makefile', line 16)
TARGET = STM32L0_BMA253
# automatic
?D = $(patsubst %/,%,$(patsubst %\,%,$(dir $?)))
# makefile (from 'Makefile', line 117)
AS_DEFS = 
# makefile (from 'Makefile', line 137)
AS_INCLUDES = 
# automatic
@D = $(patsubst %/,%,$(patsubst %\,%,$(dir $@)))
# environment
HOMEDRIVE = C:
# automatic
@F = $(notdir $@)
# automatic
^D = $(patsubst %/,%,$(patsubst %\,%,$(dir $^)))
# makefile
CURDIR := d:/src/0_examples/STM32/STM32L010F4P6_BMA253
# default
SHELL := sh.exe
# makefile (from 'Makefile', line 98)
BIN = $(CP) -O binary -S
# environment
WINDIR = C:\WINDOWS
# environment
VSCODE_NLS_CONFIG = {"locale":"zh-cn","availableLanguages":{"*":"zh-cn"},"_languagePackId":"bbca1a7059cee8a1b93da8947fee1c4f.zh-cn","_translationsConfigFile":"C:\\Users\\wenhuafeng\\AppData\\Roaming\\Code\\clp\\bbca1a7059cee8a1b93da8947fee1c4f.zh-cn\\tcf.json","_cacheRoot":"C:\\Users\\wenhuafeng\\AppData\\Roaming\\Code\\clp\\bbca1a7059cee8a1b93da8947fee1c4f.zh-cn","_resolvedLanguagePackCoreLocation":"C:\\Users\\wenhuafeng\\AppData\\Roaming\\Code\\clp\\bbca1a7059cee8a1b93da8947fee1c4f.zh-cn\\4af164ea3a06f701fe3e89a2bcbb421d2026b68f","_corruptedFile":"C:\\Users\\wenhuafeng\\AppData\\Roaming\\Code\\clp\\bbca1a7059cee8a1b93da8947fee1c4f.zh-cn\\corrupted.info","_languagePackSupport":true}
# makefile (from 'Makefile', line 95)
SZ = $(PREFIX)size
# environment
VBOX_MSI_INSTALL_PATH = D:\Program Files\Oracle\VirtualBox\
# makefile (from 'Makefile', line 164)
CFLAGS = $(MCU) $(C_DEFS) $(C_INCLUDES) $(OPT) -Wall -fdata-sections -ffunction-sections -g -gdwarf-2 -MMD -MP -MF"$(@:%.o=%.d)"
# environment
ONEDRIVE = C:\Users\wenhuafeng\OneDrive
# environment
PATHEXT = .COM;.EXE;.BAT;.CMD;.VBS;.VBE;.JS;.JSE;.WSF;.WSH;.MSC;.PY;.PYW
# makefile (from 'build/command.d', line 1)
MAKEFILE_LIST :=  Makefile build/stm32l0xx_ll_lptim.d build/stm32l0xx_ll_lpuart.d build/bma253.d build/step_process.d build/w25qxx.d build/stm32l0xx_ll_pwr.d build/stm32l0xx_ll_rcc.d build/system_stm32l0xx.d build/dma.d build/tiny_sscanf.d build/stm32l0xx_ll_utils.d build/stm32l0xx_it.d build/usart.d build/gpio.d build/stm32l0xx_ll_spi.d build/lptim.d build/array_queue.d build/vcom.d build/spi.d build/main.d build/tiny_vsnprintf.d build/common.d build/write_sflash.d build/stm32l0xx_ll_i2c.d build/startup_stm32l010x4.d build/bma253_iic.d build/rtc.d build/at.d build/stm32l0xx_ll_rtc.d build/acc_printf.d build/utilities.d build/stm32l0xx_ll_exti.d build/stm32l0xx_ll_dma.d build/i2c.d build/stm32l0xx_ll_gpio.d build/command.d
# environment
FPS_BROWSER_USER_PROFILE_STRING = Default
# makefile (from 'Makefile', line 94)
CP = $(PREFIX)objcopy
# makefile (from 'Makefile', line 23)
DEBUG = 1
# environment
TMP = C:\Users\WENHUA~1\AppData\Local\Temp
# environment
VSCODE_VERBOSE_LOGGING = true
# makefile (from 'Makefile', line 93)
AS = $(PREFIX)gcc -x assembler-with-cpp
# environment
PROGRAMW6432 = C:\Program Files
# environment
PROGRAMDATA = C:\ProgramData
# environment
VSCODE_IPC_HOOK_EXTHOST = \\.\pipe\vscode-ipc-6a8d3b17-5540-443c-8f87-7d25f4be547f-sock
# environment
VSCODE_CWD = D:\Program Files\Microsoft VS Code
# default
MAKE_HOST := x86_64-w64-mingw32
# environment
PATH = D:\Program Files\Python\Python310\Scripts\;D:\Program Files\Python\Python310\;D:\Program Files (x86)\STMicroelectronics\st_toolset\asm;C:\Program Files (x86)\Common Files\Oracle\Java\javapath;C:\WINDOWS\system32;C:\WINDOWS;C:\WINDOWS\System32\Wbem;C:\WINDOWS\System32\WindowsPowerShell\v1.0\;C:\WINDOWS\System32\OpenSSH\;D:\Program Files\PuTTY\;D:\Program Files\Git\cmd;D:\Program Files\CMake\bin;D:\Program Files\OpenOCD-20211118-0.11.0\bin;D:\Program Files\TortoiseGit\bin;D:\Program Files (x86)\Nordic Semiconductor\nrf-command-line-tools\bin\;D:\Program Files\mingw-w64\x86_64-8.1.0-win32-sjlj-rt_v6-rev0\mingw64\bin;C:\Program Files (x86)\stlink\bin;C:\Program Files\stlink\bin;D:\Program Files\Python\Python310;D:\Espressif\python_env\idf4.4_py3.8_env\Scripts;D:\Program Files\cloc;D:\Keil_v5\UV4;C:\Program Files (x86)\SEGGER\JLink;D:\Program Files\GitHub CLI\;D:\Program Files (x86)\GNU Arm Embedded Toolchain\10 2021.10\bin;C:\Users\wenhuafeng\AppData\Local\Microsoft\WindowsApps;D:\Program Files\Microsoft VS Code\bin
# environment
COMMONPROGRAMW6432 = C:\Program Files\Common Files
# environment
PROCESSOR_ARCHITECTURE = AMD64
# environment
USERPROFILE = C:\Users\wenhuafeng
# environment
ALLUSERSPROFILE = C:\ProgramData
# environment
VSCODE_LOG_STACK = false
# environment
NUMBER_OF_PROCESSORS = 12
# environment
ELECTRON_RUN_AS_NODE = 1
# makefile (from 'Makefile', line 176)
LDFLAGS = $(MCU) -specs=nano.specs -T$(LDSCRIPT) $(LIBDIR) $(LIBS) -Wl,-Map=$(BUILD_DIR)/$(TARGET).map,--cref -Wl,--gc-sections
# default
.FEATURES := target-specific order-only second-expansion else-if shortest-stem undefine oneshell archives jobserver output-sync
# automatic
%F = $(notdir $%)
# environment
CHROME_CRASHPAD_PIPE_NAME = \\.\pipe\crashpad_340_BSBMHXQHYDWZKZQF
# makefile (from 'Makefile', line 76)
ASM_SOURCES = startup_stm32l010x4.s
# makefile (from 'Makefile', line 25)
OPT = -Og
# environment
VSCODE_PIPE_LOGGING = true
# environment
COMPUTERNAME = LAPTOP-PRAVS7GT
# environment
PROGRAMFILES = C:\Program Files
# default
.LOADED := 
# environment
DRIVERDATA = C:\Windows\System32\Drivers\DriverData
# environment
ORIGINAL_XDG_CURRENT_DESKTOP = undefined
# environment
USERNAME = wenhuafeng
# environment
PUBLIC = C:\Users\Public
# environment
VSCODE_AMD_ENTRYPOINT = vs/workbench/api/node/extensionHostProcess
# environment
VSCODE_CODE_CACHE_PATH = C:\Users\wenhuafeng\AppData\Roaming\Code\CachedData\4af164ea3a06f701fe3e89a2bcbb421d2026b68f
# environment
APPLICATION_INSIGHTS_NO_DIAGNOSTIC_CHANNEL = 1
# environment
COMMONPROGRAMFILES = C:\Program Files\Common Files
# environment
LOGONSERVER = \\LAPTOP-PRAVS7GT
# makefile (from 'Makefile', line 83)
PREFIX = arm-none-eabi-
# environment
ONEDRIVECONSUMER = C:\Users\wenhuafeng\OneDrive
# environment
VSCODE_HANDLES_UNCAUGHT_ERRORS = true
# environment
USERDOMAIN = LAPTOP-PRAVS7GT
# makefile (from 'Makefile', line 120)
C_DEFS = -DUSE_FULL_LL_DRIVER -DHSE_VALUE=8000000 -DHSE_STARTUP_TIMEOUT=100 -DLSE_STARTUP_TIMEOUT=5000 -DLSE_VALUE=32768 -DMSI_VALUE=2097000 -DHSI_VALUE=16000000 -DLSI_VALUE=37000 -DVDD_VALUE=3300 -DPREFETCH_ENABLE=0 -DINSTRUCTION_CACHE_ENABLE=1 -DDATA_CACHE_ENABLE=1 -DSTM32L010x4
# environment
MAKELEVEL := 0
# makefile (from 'Makefile', line 113)
MCU = $(CPU) -mthumb $(FPU) $(FLOAT-ABI)
# makefile (from 'Makefile', line 140)
C_INCLUDES = -ICore/Inc -IDrivers/STM32L0xx_HAL_Driver/Inc -IDrivers/CMSIS/Device/ST/STM32L0xx/Include -IDrivers/CMSIS/Include -Iuser/acc_printf -Iuser/bma253 -Iuser/common -Iuser/lpuart -Iuser/pedometer -Iuser/sflash
# default
MAKE = $(MAKE_COMMAND)
# default
MAKECMDGOALS := all
# makefile (from 'Makefile', line 97)
HEX = $(CP) -O ihex
# makefile (from 'Makefile', line 92)
CC = $(PREFIX)gcc
# makefile (from 'Makefile', line 32)
BUILD_DIR = build
# makefile (from 'Makefile', line 154)
ASFLAGS = $(MCU) $(AS_DEFS) $(AS_INCLUDES) $(OPT) -Wall -fdata-sections -ffunction-sections
# default
MAKE_VERSION := 4.2.1
# makefile
.DEFAULT_GOAL := all
# environment
PROGRAMFILES(X86) = C:\Program Files (x86)
# automatic
%D = $(patsubst %/,%,$(patsubst %\,%,$(dir $%)))
# makefile (from 'Makefile', line 104)
CPU = -mcpu=cortex-m0plus
# environment
LOCALAPPDATA = C:\Users\wenhuafeng\AppData\Local
# environment
PSMODULEPATH = C:\Program Files\WindowsPowerShell\Modules;C:\WINDOWS\system32\WindowsPowerShell\v1.0\Modules
# default
MAKE_COMMAND := make.exe
# makefile (from 'Makefile', line 175)
LIBDIR = 
# default
.VARIABLES := 
# automatic
*F = $(notdir $*)
# environment
PROCESSOR_IDENTIFIER = AMD64 Family 23 Model 96 Stepping 1, AuthenticAMD
# environment
OS = Windows_NT
# environment
VSCODE_IPC_HOOK = \\.\pipe\d0f9ff90f2b0f15191b4ed40651aea96-1.68.0-main-sock
# environment
HOMEPATH = \Users\wenhuafeng
# environment
COMMONPROGRAMFILES(X86) = C:\Program Files (x86)\Common Files
# environment
PROMPT = $P$G
# environment
MFLAGS = -pqrR
# automatic
*D = $(patsubst %/,%,$(patsubst %\,%,$(dir $*)))
# environment
SYSTEMROOT = C:\WINDOWS
# automatic
+D = $(patsubst %/,%,$(patsubst %\,%,$(dir $+)))
# automatic
+F = $(notdir $+)
# environment
APPDATA = C:\Users\wenhuafeng\AppData\Roaming
# environment
TEMP = C:\Users\WENHUA~1\AppData\Local\Temp
# environment
COMSPEC = C:\WINDOWS\system32\cmd.exe
# default
MAKEFILES := 
# environment
IDF_TOOLS_PATH = D:\Espressif
# automatic
<F = $(notdir $<)
# environment
LC_ALL = C
# makefile (from 'Makefile', line 174)
LIBS = -lc -lm -lnosys
# automatic
^F = $(notdir $^)
# makefile (from 'Makefile', line 38)
C_SOURCES = Core/Src/main.c Core/Src/gpio.c Core/Src/dma.c Core/Src/i2c.c Core/Src/lptim.c Core/Src/usart.c Core/Src/rtc.c Core/Src/spi.c Core/Src/stm32l0xx_it.c Drivers/STM32L0xx_HAL_Driver/Src/stm32l0xx_ll_gpio.c Drivers/STM32L0xx_HAL_Driver/Src/stm32l0xx_ll_dma.c Drivers/STM32L0xx_HAL_Driver/Src/stm32l0xx_ll_i2c.c Drivers/STM32L0xx_HAL_Driver/Src/stm32l0xx_ll_rcc.c Drivers/STM32L0xx_HAL_Driver/Src/stm32l0xx_ll_utils.c Drivers/STM32L0xx_HAL_Driver/Src/stm32l0xx_ll_exti.c Drivers/STM32L0xx_HAL_Driver/Src/stm32l0xx_ll_lptim.c Drivers/STM32L0xx_HAL_Driver/Src/stm32l0xx_ll_lpuart.c Drivers/STM32L0xx_HAL_Driver/Src/stm32l0xx_ll_rtc.c Drivers/STM32L0xx_HAL_Driver/Src/stm32l0xx_ll_spi.c Drivers/STM32L0xx_HAL_Driver/Src/stm32l0xx_ll_pwr.c Core/Src/system_stm32l0xx.c user/acc_printf/acc_printf.c user/bma253/bma253_iic.c user/bma253/bma253.c user/common/common.c user/lpuart/tiny_sscanf.c user/lpuart/tiny_vsnprintf.c user/lpuart/utilities.c user/lpuart/vcom.c user/pedometer/at.c user/pedometer/command.c user/pedometer/step_process.c user/sflash/array_queue.c user/sflash/w25qxx.c user/sflash/write_sflash.c
# default
SUFFIXES := 
# environment
SYSTEMDRIVE = C:
# environment
SESSIONNAME = Console
# environment
PROCESSOR_REVISION = 6001
# default
.RECIPEPREFIX := 
# makefile (from 'Makefile', line 189)
OBJECTS = $(addprefix $(BUILD_DIR)/,$(notdir $(C_SOURCES:.c=.o))) $(addprefix $(BUILD_DIR)/,$(notdir $(ASM_SOURCES:.s=.o)))
# environment
LANG = C
# environment
PROCESSOR_LEVEL = 23
# environment
FPS_BROWSER_APP_PROFILE_STRING = Internet Explorer
# environment
VSCODE_PID = 340
# environment
USERDOMAIN_ROAMINGPROFILE = LAPTOP-PRAVS7GT
# variable set hash-table stats:
# Load=121/1024=12%, Rehash=0, Collisions=18/249=7%

# Patte 
rn-specific Variable Values

# No pattern-specific variable values.

# Directories

# user/lpuart (key d:/src/0_examples/STM32/STM32L010F4P6_BMA253/user/lpuart, mtime 1606625412): 10 files, no impossibilities.
# user/sflash (key d:/src/0_examples/STM32/STM32L010F4P6_BMA253/user/sflash, mtime 1644754800): 8 files, no impossibilities.
# . (key d:/src/0_examples/STM32/STM32L010F4P6_BMA253, mtime 1655291148): 16 files, no impossibilities.
# Drivers/STM32L0xx_HAL_Driver/Src (key d:/src/0_examples/STM32/STM32L010F4P6_BMA253/Drivers/STM32L0xx_HAL_Driver/Src, mtime 1644738581): 13 files, no impossibilities.
# build (key d:/src/0_examples/STM32/STM32L010F4P6_BMA253/build, mtime 1655291150): 113 files, no impossibilities.
# user/acc_printf (key d:/src/0_examples/STM32/STM32L010F4P6_BMA253/user/acc_printf, mtime 1644750393): 4 files, no impossibilities.
# user/common (key d:/src/0_examples/STM32/STM32L010F4P6_BMA253/user/common, mtime 1655291141): 4 files, no impossibilities.
# user/pedometer (key d:/src/0_examples/STM32/STM32L010F4P6_BMA253/user/pedometer, mtime 1645111828): 8 files, no impossibilities.
# Core/Src (key d:/src/0_examples/STM32/STM32L010F4P6_BMA253/Core/Src, mtime 1644738581): 12 files, no impossibilities.
# user/bma253 (key d:/src/0_examples/STM32/STM32L010F4P6_BMA253/user/bma253, mtime 1644756237): 6 files, no impossibilities.

# 194 files, no impossibilities in 10 directories.

# Implicit Rules

build/%.o: %.c Makefile | build
#  recipe to execute (from 'Makefile', line 193):
	$(CC) -c $(CFLAGS) -Wa,-a,-ad,-alms=$(BUILD_DIR)/$(notdir $(<:.c=.lst)) $< -o $@

build/%.o: %.s Makefile | build
#  recipe to execute (from 'Makefile', line 196):
	$(AS) -c $(CFLAGS) $< -o $@

build/%.hex: build/%.elf | build
#  recipe to execute (from 'Makefile', line 203):
	$(HEX) $< $@

build/%.bin: build/%.elf | build
#  recipe to execute (from 'Makefile', line 206):
	$(BIN) $< $@

# 4 implicit rules, 0 (0.0%) terminal.

# Files

Drivers/STM32L0xx_HAL_Driver/Inc/stm32l0xx_ll_exti.h:
#  Implicit rule search has been done.
#  Last modified 2021-08-09 19:29:58
#  File has been updated.
#  Successfully updated.

user/bma253/bma253.h:
#  Implicit rule search has been done.
#  Last modified 2022-02-22 22:16:50
#  File has been updated.
#  Successfully updated.

# Not a target:
Core/Src/gpio.c:
#  Implicit rule search has been done.
#  Last modified 2022-02-13 15:49:36
#  File has been updated.
#  Successfully updated.

# Not a target:
build/dma.d:
#  Implicit rule search has been done.
#  Last modified 2022-06-15 19:05:48
#  File has been updated.
#  Successfully updated.

Drivers/STM32L0xx_HAL_Driver/Inc/stm32l0xx_ll_cortex.h:
#  Implicit rule search has been done.
#  Last modified 2021-08-09 19:29:58
#  File has been updated.
#  Successfully updated.

# Not a target:
Drivers/STM32L0xx_HAL_Driver/Src/stm32l0xx_ll_rcc.c:
#  Implicit rule search has been done.
#  Last modified 2021-08-09 19:29:58
#  File has been updated.
#  Successfully updated.

# Not a target:
build/stm32l0xx_ll_utils.d:
#  Implicit rule search has been done.
#  Last modified 2022-06-15 19:05:48
#  File has been updated.
#  Successfully updated.

user/sflash/write_sflash.h:
#  Implicit rule search has been done.
#  Last modified 2022-06-15 09:18:00
#  File has been updated.
#  Successfully updated.

user/sflash/w25qxx.h:
#  Implicit rule search has been done.
#  Last modified 2022-02-13 19:45:52
#  File has been updated.
#  Successfully updated.

# Not a target:
build/gpio.d:
#  Implicit rule search has been done.
#  Last modified 2022-06-15 19:05:48
#  File has been updated.
#  Successfully updated.

# Not a target:
build/startup_stm32l010x4.d:
#  Implicit rule search has been done.
#  Last modified 2022-06-15 19:05:50
#  File has been updated.
#  Successfully updated.

build/main.o: Core/Src/main.c Makefile Core/Src/main.c Core/Inc/main.h Drivers/STM32L0xx_HAL_Driver/Inc/stm32l0xx_ll_dma.h Drivers/CMSIS/Device/ST/STM32L0xx/Include/stm32l0xx.h Drivers/CMSIS/Device/ST/STM32L0xx/Include/stm32l010x4.h Drivers/CMSIS/Include/core_cm0plus.h Drivers/CMSIS/Include/cmsis_version.h Drivers/CMSIS/Include/cmsis_compiler.h Drivers/CMSIS/Include/cmsis_gcc.h Drivers/CMSIS/Device/ST/STM32L0xx/Include/system_stm32l0xx.h Drivers/STM32L0xx_HAL_Driver/Inc/stm32l0xx_ll_i2c.h Drivers/STM32L0xx_HAL_Driver/Inc/stm32l0xx_ll_lptim.h Drivers/STM32L0xx_HAL_Driver/Inc/stm32l0xx_ll_lpuart.h Drivers/STM32L0xx_HAL_Driver/Inc/stm32l0xx_ll_rcc.h Drivers/STM32L0xx_HAL_Driver/Inc/stm32l0xx_ll_crs.h Drivers/STM32L0xx_HAL_Driver/Inc/stm32l0xx_ll_bus.h Drivers/STM32L0xx_HAL_Driver/Inc/stm32l0xx_ll_system.h Drivers/STM32L0xx_HAL_Driver/Inc/stm32l0xx_ll_exti.h Drivers/STM32L0xx_HAL_Driver/Inc/stm32l0xx_ll_cortex.h Drivers/STM32L0xx_HAL_Driver/Inc/stm32l0xx_ll_utils.h Drivers/STM32L0xx_HAL_Driver/Inc/stm32l0xx_ll_pwr.h Drivers/STM32L0xx_HAL_Driver/Inc/stm32l0xx_ll_rtc.h Drivers/STM32L0xx_HAL_Driver/Inc/stm32l0xx_ll_spi.h Drivers/STM32L0xx_HAL_Driver/Inc/stm32l0xx_ll_gpio.h user/common/common.h user/bma253/bma253.h user/acc_printf/acc_printf.h user/pedometer/step_process.h | build
#  Implicit rule search has been done.
#  Implicit/static pattern stem: 'main'
#  Last modified 2022-06-15 19:05:48
#  File has been updated.
#  Successfully updated.
#  recipe to execute (from 'Makefile', line 193):
	$(CC) -c $(CFLAGS) -Wa,-a,-ad,-alms=$(BUILD_DIR)/$(notdir $(<:.c=.lst)) $< -o $@

# Not a target:
build/utilities.d:
#  Implicit rule search has been done.
#  Last modified 2022-06-15 19:05:49
#  File has been updated.
#  Successfully updated.

# Not a target:
Drivers/STM32L0xx_HAL_Driver/Src/stm32l0xx_ll_exti.c:
#  Implicit rule search has been done.
#  Last modified 2021-08-09 19:29:58
#  File has been updated.
#  Successfully updated.

Drivers/CMSIS/Include/cmsis_version.h:
#  Implicit rule search has been done.
#  Last modified 2021-08-09 19:29:40
#  File has been updated.
#  Successfully updated.

# Not a target:
build/stm32l0xx_ll_dma.d:
#  Implicit rule search has been done.
#  Last modified 2022-06-15 19:05:49
#  File has been updated.
#  Successfully updated.

# Not a target:
user/common/common.c:
#  Implicit rule search has been done.
#  Last modified 2022-06-15 19:00:31
#  File has been updated.
#  Successfully updated.

# Not a target:
user/pedometer/at.c:
#  Implicit rule search has been done.
#  Last modified 2022-06-15 18:40:34
#  File has been updated.
#  Successfully updated.

all: build/STM32L0_BMA253.elf build/STM32L0_BMA253.hex build/STM32L0_BMA253.bin
#  Command line target.
#  Implicit rule search has been done.
#  File does not exist.
#  File has been updated.
#  Successfully updated.

# Not a target:
startup_stm32l010x4.s:
#  Implicit rule search has been done.
#  Last modified 2021-08-09 19:29:58
#  File has been updated.
#  Successfully updated.

build/bma253.o: user/bma253/bma253.c Makefile user/bma253/bma253.c user/bma253/bma253.h Core/Inc/main.h Drivers/STM32L0xx_HAL_Driver/Inc/stm32l0xx_ll_dma.h Drivers/CMSIS/Device/ST/STM32L0xx/Include/stm32l0xx.h Drivers/CMSIS/Device/ST/STM32L0xx/Include/stm32l010x4.h Drivers/CMSIS/Include/core_cm0plus.h Drivers/CMSIS/Include/cmsis_version.h Drivers/CMSIS/Include/cmsis_compiler.h Drivers/CMSIS/Include/cmsis_gcc.h Drivers/CMSIS/Device/ST/STM32L0xx/Include/system_stm32l0xx.h Drivers/STM32L0xx_HAL_Driver/Inc/stm32l0xx_ll_i2c.h Drivers/STM32L0xx_HAL_Driver/Inc/stm32l0xx_ll_lptim.h Drivers/STM32L0xx_HAL_Driver/Inc/stm32l0xx_ll_lpuart.h Drivers/STM32L0xx_HAL_Driver/Inc/stm32l0xx_ll_rcc.h Drivers/STM32L0xx_HAL_Driver/Inc/stm32l0xx_ll_crs.h Drivers/STM32L0xx_HAL_Driver/Inc/stm32l0xx_ll_bus.h Drivers/STM32L0xx_HAL_Driver/Inc/stm32l0xx_ll_system.h Drivers/STM32L0xx_HAL_Driver/Inc/stm32l0xx_ll_exti.h Drivers/STM32L0xx_HAL_Driver/Inc/stm32l0xx_ll_cortex.h Drivers/STM32L0xx_HAL_Driver/Inc/stm32l0xx_ll_utils.h Drivers/STM32L0xx_HAL_Driver/Inc/stm32l0xx_ll_pwr.h Drivers/STM32L0xx_HAL_Driver/Inc/stm32l0xx_ll_rtc.h Drivers/STM32L0xx_HAL_Driver/Inc/stm32l0xx_ll_spi.h Drivers/STM32L0xx_HAL_Driver/Inc/stm32l0xx_ll_gpio.h user/bma253/bma253_iic.h user/lpuart/vcom.h | build
#  Implicit rule search has been done.
#  Implicit/static pattern stem: 'bma253'
#  Last modified 2022-06-15 19:05:50
#  File has been updated.
#  Successfully updated.
#  recipe to execute (from 'Makefile', line 193):
	$(CC) -c $(CFLAGS) -Wa,-a,-ad,-alms=$(BUILD_DIR)/$(notdir $(<:.c=.lst)) $< -o $@

Drivers/CMSIS/Include/cmsis_gcc.h:
#  Implicit rule search has been done.
#  Last modified 2021-08-09 19:29:40
#  File has been updated.
#  Successfully updated.

build/usart.o: Core/Src/usart.c Makefile Core/Src/usart.c Core/Inc/usart.h Core/Inc/main.h Drivers/STM32L0xx_HAL_Driver/Inc/stm32l0xx_ll_dma.h Drivers/CMSIS/Device/ST/STM32L0xx/Include/stm32l0xx.h Drivers/CMSIS/Device/ST/STM32L0xx/Include/stm32l010x4.h Drivers/CMSIS/Include/core_cm0plus.h Drivers/CMSIS/Include/cmsis_version.h Drivers/CMSIS/Include/cmsis_compiler.h Drivers/CMSIS/Include/cmsis_gcc.h Drivers/CMSIS/Device/ST/STM32L0xx/Include/system_stm32l0xx.h Drivers/STM32L0xx_HAL_Driver/Inc/stm32l0xx_ll_i2c.h Drivers/STM32L0xx_HAL_Driver/Inc/stm32l0xx_ll_lptim.h Drivers/STM32L0xx_HAL_Driver/Inc/stm32l0xx_ll_lpuart.h Drivers/STM32L0xx_HAL_Driver/Inc/stm32l0xx_ll_rcc.h Drivers/STM32L0xx_HAL_Driver/Inc/stm32l0xx_ll_crs.h Drivers/STM32L0xx_HAL_Driver/Inc/stm32l0xx_ll_bus.h Drivers/STM32L0xx_HAL_Driver/Inc/stm32l0xx_ll_system.h Drivers/STM32L0xx_HAL_Driver/Inc/stm32l0xx_ll_exti.h Drivers/STM32L0xx_HAL_Driver/Inc/stm32l0xx_ll_cortex.h Drivers/STM32L0xx_HAL_Driver/Inc/stm32l0xx_ll_utils.h Drivers/STM32L0xx_HAL_Driver/Inc/stm32l0xx_ll_pwr.h Drivers/STM32L0xx_HAL_Driver/Inc/stm32l0xx_ll_rtc.h Drivers/STM32L0xx_HAL_Driver/Inc/stm32l0xx_ll_spi.h Drivers/STM32L0xx_HAL_Driver/Inc/stm32l0xx_ll_gpio.h | build
#  Implicit rule search has been done.
#  Implicit/static pattern stem: 'usart'
#  Last modified 2022-06-15 19:05:48
#  File has been updated.
#  Successfully updated.
#  recipe to execute (from 'Makefile', line 193):
	$(CC) -c $(CFLAGS) -Wa,-a,-ad,-alms=$(BUILD_DIR)/$(notdir $(<:.c=.lst)) $< -o $@

# Not a target:
build/step_process.d:
#  Implicit rule search has been done.
#  Last modified 2022-06-15 19:05:50
#  File has been updated.
#  Successfully updated.

# Not a target:
build/tiny_vsnprintf.d:
#  Implicit rule search has been done.
#  Last modified 2022-06-15 19:05:49
#  File has been updated.
#  Successfully updated.

build/array_queue.o: user/sflash/array_queue.c Makefile user/sflash/array_queue.c user/sflash/array_queue.h Core/Inc/main.h Drivers/STM32L0xx_HAL_Driver/Inc/stm32l0xx_ll_dma.h Drivers/CMSIS/Device/ST/STM32L0xx/Include/stm32l0xx.h Drivers/CMSIS/Device/ST/STM32L0xx/Include/stm32l010x4.h Drivers/CMSIS/Include/core_cm0plus.h Drivers/CMSIS/Include/cmsis_version.h Drivers/CMSIS/Include/cmsis_compiler.h Drivers/CMSIS/Include/cmsis_gcc.h Drivers/CMSIS/Device/ST/STM32L0xx/Include/system_stm32l0xx.h Drivers/STM32L0xx_HAL_Driver/Inc/stm32l0xx_ll_i2c.h Drivers/STM32L0xx_HAL_Driver/Inc/stm32l0xx_ll_lptim.h Drivers/STM32L0xx_HAL_Driver/Inc/stm32l0xx_ll_lpuart.h Drivers/STM32L0xx_HAL_Driver/Inc/stm32l0xx_ll_rcc.h Drivers/STM32L0xx_HAL_Driver/Inc/stm32l0xx_ll_crs.h Drivers/STM32L0xx_HAL_Driver/Inc/stm32l0xx_ll_bus.h Drivers/STM32L0xx_HAL_Driver/Inc/stm32l0xx_ll_system.h Drivers/STM32L0xx_HAL_Driver/Inc/stm32l0xx_ll_exti.h Drivers/STM32L0xx_HAL_Driver/Inc/stm32l0xx_ll_cortex.h Drivers/STM32L0xx_HAL_Driver/Inc/stm32l0xx_ll_utils.h Drivers/STM32L0xx_HAL_Driver/Inc/stm32l0xx_ll_pwr.h Drivers/STM32L0xx_HAL_Driver/Inc/stm32l0xx_ll_rtc.h Drivers/STM32L0xx_HAL_Driver/Inc/stm32l0xx_ll_spi.h Drivers/STM32L0xx_HAL_Driver/Inc/stm32l0xx_ll_gpio.h | build
#  Implicit rule search has been done.
#  Implicit/static pattern stem: 'array_queue'
#  Last modified 2022-06-15 19:05:50
#  File has been updated.
#  Successfully updated.
#  recipe to execute (from 'Makefile', line 193):
	$(CC) -c $(CFLAGS) -Wa,-a,-ad,-alms=$(BUILD_DIR)/$(notdir $(<:.c=.lst)) $< -o $@

# Not a target:
build/acc_printf.d:
#  Implicit rule search has been done.
#  Last modified 2022-06-15 19:05:49
#  File has been updated.
#  Successfully updated.

Drivers/STM32L0xx_HAL_Driver/Inc/stm32l0xx_ll_i2c.h:
#  Implicit rule search has been done.
#  Last modified 2021-08-09 19:29:58
#  File has been updated.
#  Successfully updated.

# Not a target:
user/lpuart/vcom.c:
#  Implicit rule search has been done.
#  Last modified 2022-06-15 18:44:26
#  File has been updated.
#  Successfully updated.

build/lptim.o: Core/Src/lptim.c Makefile Core/Src/lptim.c Core/Inc/lptim.h Core/Inc/main.h Drivers/STM32L0xx_HAL_Driver/Inc/stm32l0xx_ll_dma.h Drivers/CMSIS/Device/ST/STM32L0xx/Include/stm32l0xx.h Drivers/CMSIS/Device/ST/STM32L0xx/Include/stm32l010x4.h Drivers/CMSIS/Include/core_cm0plus.h Drivers/CMSIS/Include/cmsis_version.h Drivers/CMSIS/Include/cmsis_compiler.h Drivers/CMSIS/Include/cmsis_gcc.h Drivers/CMSIS/Device/ST/STM32L0xx/Include/system_stm32l0xx.h Drivers/STM32L0xx_HAL_Driver/Inc/stm32l0xx_ll_i2c.h Drivers/STM32L0xx_HAL_Driver/Inc/stm32l0xx_ll_lptim.h Drivers/STM32L0xx_HAL_Driver/Inc/stm32l0xx_ll_lpuart.h Drivers/STM32L0xx_HAL_Driver/Inc/stm32l0xx_ll_rcc.h Drivers/STM32L0xx_HAL_Driver/Inc/stm32l0xx_ll_crs.h Drivers/STM32L0xx_HAL_Driver/Inc/stm32l0xx_ll_bus.h Drivers/STM32L0xx_HAL_Driver/Inc/stm32l0xx_ll_system.h Drivers/STM32L0xx_HAL_Driver/Inc/stm32l0xx_ll_exti.h Drivers/STM32L0xx_HAL_Driver/Inc/stm32l0xx_ll_cortex.h Drivers/STM32L0xx_HAL_Driver/Inc/stm32l0xx_ll_utils.h Drivers/STM32L0xx_HAL_Driver/Inc/stm32l0xx_ll_pwr.h Drivers/STM32L0xx_HAL_Driver/Inc/stm32l0xx_ll_rtc.h Drivers/STM32L0xx_HAL_Driver/Inc/stm32l0xx_ll_spi.h Drivers/STM32L0xx_HAL_Driver/Inc/stm32l0xx_ll_gpio.h | build
#  Implicit rule search has been done.
#  Implicit/static pattern stem: 'lptim'
#  Last modified 2022-06-15 19:05:48
#  File has been updated.
#  Successfully updated.
#  recipe to execute (from 'Makefile', line 193):
	$(CC) -c $(CFLAGS) -Wa,-a,-ad,-alms=$(BUILD_DIR)/$(notdir $(<:.c=.lst)) $< -o $@

build/vcom.o: user/lpuart/vcom.c Makefile user/lpuart/vcom.c user/lpuart/vcom.h Core/Inc/main.h Drivers/STM32L0xx_HAL_Driver/Inc/stm32l0xx_ll_dma.h Drivers/CMSIS/Device/ST/STM32L0xx/Include/stm32l0xx.h Drivers/CMSIS/Device/ST/STM32L0xx/Include/stm32l010x4.h Drivers/CMSIS/Include/core_cm0plus.h Drivers/CMSIS/Include/cmsis_version.h Drivers/CMSIS/Include/cmsis_compiler.h Drivers/CMSIS/Include/cmsis_gcc.h Drivers/CMSIS/Device/ST/STM32L0xx/Include/system_stm32l0xx.h Drivers/STM32L0xx_HAL_Driver/Inc/stm32l0xx_ll_i2c.h Drivers/STM32L0xx_HAL_Driver/Inc/stm32l0xx_ll_lptim.h Drivers/STM32L0xx_HAL_Driver/Inc/stm32l0xx_ll_lpuart.h Drivers/STM32L0xx_HAL_Driver/Inc/stm32l0xx_ll_rcc.h Drivers/STM32L0xx_HAL_Driver/Inc/stm32l0xx_ll_crs.h Drivers/STM32L0xx_HAL_Driver/Inc/stm32l0xx_ll_bus.h Drivers/STM32L0xx_HAL_Driver/Inc/stm32l0xx_ll_system.h Drivers/STM32L0xx_HAL_Driver/Inc/stm32l0xx_ll_exti.h Drivers/STM32L0xx_HAL_Driver/Inc/stm32l0xx_ll_cortex.h Drivers/STM32L0xx_HAL_Driver/Inc/stm32l0xx_ll_utils.h Drivers/STM32L0xx_HAL_Driver/Inc/stm32l0xx_ll_pwr.h Drivers/STM32L0xx_HAL_Driver/Inc/stm32l0xx_ll_rtc.h Drivers/STM32L0xx_HAL_Driver/Inc/stm32l0xx_ll_spi.h Drivers/STM32L0xx_HAL_Driver/Inc/stm32l0xx_ll_gpio.h user/lpuart/tiny_vsnprintf.h | build
#  Implicit rule search has been done.
#  Implicit/static pattern stem: 'vcom'
#  Last modified 2022-06-15 19:05:50
#  File has been updated.
#  Successfully updated.
#  recipe to execute (from 'Makefile', line 193):
	$(CC) -c $(CFLAGS) -Wa,-a,-ad,-alms=$(BUILD_DIR)/$(notdir $(<:.c=.lst)) $< -o $@

build/rtc.o: Core/Src/rtc.c Makefile Core/Src/rtc.c Core/Inc/rtc.h Core/Inc/main.h Drivers/STM32L0xx_HAL_Driver/Inc/stm32l0xx_ll_dma.h Drivers/CMSIS/Device/ST/STM32L0xx/Include/stm32l0xx.h Drivers/CMSIS/Device/ST/STM32L0xx/Include/stm32l010x4.h Drivers/CMSIS/Include/core_cm0plus.h Drivers/CMSIS/Include/cmsis_version.h Drivers/CMSIS/Include/cmsis_compiler.h Drivers/CMSIS/Include/cmsis_gcc.h Drivers/CMSIS/Device/ST/STM32L0xx/Include/system_stm32l0xx.h Drivers/STM32L0xx_HAL_Driver/Inc/stm32l0xx_ll_i2c.h Drivers/STM32L0xx_HAL_Driver/Inc/stm32l0xx_ll_lptim.h Drivers/STM32L0xx_HAL_Driver/Inc/stm32l0xx_ll_lpuart.h Drivers/STM32L0xx_HAL_Driver/Inc/stm32l0xx_ll_rcc.h Drivers/STM32L0xx_HAL_Driver/Inc/stm32l0xx_ll_crs.h Drivers/STM32L0xx_HAL_Driver/Inc/stm32l0xx_ll_bus.h Drivers/STM32L0xx_HAL_Driver/Inc/stm32l0xx_ll_system.h Drivers/STM32L0xx_HAL_Driver/Inc/stm32l0xx_ll_exti.h Drivers/STM32L0xx_HAL_Driver/Inc/stm32l0xx_ll_cortex.h Drivers/STM32L0xx_HAL_Driver/Inc/stm32l0xx_ll_utils.h Drivers/STM32L0xx_HAL_Driver/Inc/stm32l0xx_ll_pwr.h Drivers/STM32L0xx_HAL_Driver/Inc/stm32l0xx_ll_rtc.h Drivers/STM32L0xx_HAL_Driver/Inc/stm32l0xx_ll_spi.h Drivers/STM32L0xx_HAL_Driver/Inc/stm32l0xx_ll_gpio.h | build
#  Implicit rule search has been done.
#  Implicit/static pattern stem: 'rtc'
#  Last modified 2022-06-15 19:05:48
#  File has been updated.
#  Successfully updated.
#  recipe to execute (from 'Makefile', line 193):
	$(CC) -c $(CFLAGS) -Wa,-a,-ad,-alms=$(BUILD_DIR)/$(notdir $(<:.c=.lst)) $< -o $@

build/stm32l0xx_ll_pwr.o: Drivers/STM32L0xx_HAL_Driver/Src/stm32l0xx_ll_pwr.c Makefile Drivers/STM32L0xx_HAL_Driver/Src/stm32l0xx_ll_pwr.c Drivers/STM32L0xx_HAL_Driver/Inc/stm32l0xx_ll_pwr.h Drivers/CMSIS/Device/ST/STM32L0xx/Include/stm32l0xx.h Drivers/CMSIS/Device/ST/STM32L0xx/Include/stm32l010x4.h Drivers/CMSIS/Include/core_cm0plus.h Drivers/CMSIS/Include/cmsis_version.h Drivers/CMSIS/Include/cmsis_compiler.h Drivers/CMSIS/Include/cmsis_gcc.h Drivers/CMSIS/Device/ST/STM32L0xx/Include/system_stm32l0xx.h Drivers/STM32L0xx_HAL_Driver/Inc/stm32l0xx_ll_bus.h | build
#  Implicit rule search has been done.
#  Implicit/static pattern stem: 'stm32l0xx_ll_pwr'
#  Last modified 2022-06-15 19:05:49
#  File has been updated.
#  Successfully updated.
#  recipe to execute (from 'Makefile', line 193):
	$(CC) -c $(CFLAGS) -Wa,-a,-ad,-alms=$(BUILD_DIR)/$(notdir $(<:.c=.lst)) $< -o $@

user/common/common.h:
#  Implicit rule search has been done.
#  Last modified 2022-06-15 09:18:55
#  File has been updated.
#  Successfully updated.

user/pedometer/at.h:
#  Implicit rule search has been done.
#  Last modified 2022-06-15 18:40:40
#  File has been updated.
#  Successfully updated.

# Not a target:
build/stm32l0xx_ll_spi.d:
#  Implicit rule search has been done.
#  Last modified 2022-06-15 19:05:49
#  File has been updated.
#  Successfully updated.

# Not a target:
build/stm32l0xx_ll_lptim.d:
#  Implicit rule search has been done.
#  Last modified 2022-06-15 19:05:49
#  File has been updated.
#  Successfully updated.

Drivers/STM32L0xx_HAL_Driver/Inc/stm32l0xx_ll_bus.h:
#  Implicit rule search has been done.
#  Last modified 2021-08-09 19:29:58
#  File has been updated.
#  Successfully updated.

Core/Inc/i2c.h:
#  Implicit rule search has been done.
#  Last modified 2022-02-13 15:49:39
#  File has been updated.
#  Successfully updated.

# Not a target:
Makefile:
#  Implicit rule search has been done.
#  Last modified 2022-06-15 19:03:14
#  File has been updated.
#  Successfully updated.

# Not a target:
Drivers/STM32L0xx_HAL_Driver/Src/stm32l0xx_ll_i2c.c:
#  Implicit rule search has been done.
#  Last modified 2021-08-09 19:29:58
#  File has been updated.
#  Successfully updated.

Drivers/CMSIS/Include/cmsis_compiler.h:
#  Implicit rule search has been done.
#  Last modified 2021-08-09 19:29:40
#  File has been updated.
#  Successfully updated.

build/system_stm32l0xx.o: Core/Src/system_stm32l0xx.c Makefile Core/Src/system_stm32l0xx.c Drivers/CMSIS/Device/ST/STM32L0xx/Include/stm32l0xx.h Drivers/CMSIS/Device/ST/STM32L0xx/Include/stm32l010x4.h Drivers/CMSIS/Include/core_cm0plus.h Drivers/CMSIS/Include/cmsis_version.h Drivers/CMSIS/Include/cmsis_compiler.h Drivers/CMSIS/Include/cmsis_gcc.h Drivers/CMSIS/Device/ST/STM32L0xx/Include/system_stm32l0xx.h | build
#  Implicit rule search has been done.
#  Implicit/static pattern stem: 'system_stm32l0xx'
#  Last modified 2022-06-15 19:05:49
#  File has been updated.
#  Successfully updated.
#  recipe to execute (from 'Makefile', line 193):
	$(CC) -c $(CFLAGS) -Wa,-a,-ad,-alms=$(BUILD_DIR)/$(notdir $(<:.c=.lst)) $< -o $@

build/dma.o: Core/Src/dma.c Makefile Core/Src/dma.c Core/Inc/dma.h Core/Inc/main.h Drivers/STM32L0xx_HAL_Driver/Inc/stm32l0xx_ll_dma.h Drivers/CMSIS/Device/ST/STM32L0xx/Include/stm32l0xx.h Drivers/CMSIS/Device/ST/STM32L0xx/Include/stm32l010x4.h Drivers/CMSIS/Include/core_cm0plus.h Drivers/CMSIS/Include/cmsis_version.h Drivers/CMSIS/Include/cmsis_compiler.h Drivers/CMSIS/Include/cmsis_gcc.h Drivers/CMSIS/Device/ST/STM32L0xx/Include/system_stm32l0xx.h Drivers/STM32L0xx_HAL_Driver/Inc/stm32l0xx_ll_i2c.h Drivers/STM32L0xx_HAL_Driver/Inc/stm32l0xx_ll_lptim.h Drivers/STM32L0xx_HAL_Driver/Inc/stm32l0xx_ll_lpuart.h Drivers/STM32L0xx_HAL_Driver/Inc/stm32l0xx_ll_rcc.h Drivers/STM32L0xx_HAL_Driver/Inc/stm32l0xx_ll_crs.h Drivers/STM32L0xx_HAL_Driver/Inc/stm32l0xx_ll_bus.h Drivers/STM32L0xx_HAL_Driver/Inc/stm32l0xx_ll_system.h Drivers/STM32L0xx_HAL_Driver/Inc/stm32l0xx_ll_exti.h Drivers/STM32L0xx_HAL_Driver/Inc/stm32l0xx_ll_cortex.h Drivers/STM32L0xx_HAL_Driver/Inc/stm32l0xx_ll_utils.h Drivers/STM32L0xx_HAL_Driver/Inc/stm32l0xx_ll_pwr.h Drivers/STM32L0xx_HAL_Driver/Inc/stm32l0xx_ll_rtc.h Drivers/STM32L0xx_HAL_Driver/Inc/stm32l0xx_ll_spi.h Drivers/STM32L0xx_HAL_Driver/Inc/stm32l0xx_ll_gpio.h | build
#  Implicit rule search has been done.
#  Implicit/static pattern stem: 'dma'
#  Last modified 2022-06-15 19:05:48
#  File has been updated.
#  Successfully updated.
#  recipe to execute (from 'Makefile', line 193):
	$(CC) -c $(CFLAGS) -Wa,-a,-ad,-alms=$(BUILD_DIR)/$(notdir $(<:.c=.lst)) $< -o $@

build/stm32l0xx_ll_utils.o: Drivers/STM32L0xx_HAL_Driver/Src/stm32l0xx_ll_utils.c Makefile Drivers/STM32L0xx_HAL_Driver/Src/stm32l0xx_ll_utils.c Drivers/STM32L0xx_HAL_Driver/Inc/stm32l0xx_ll_rcc.h Drivers/CMSIS/Device/ST/STM32L0xx/Include/stm32l0xx.h Drivers/CMSIS/Device/ST/STM32L0xx/Include/stm32l010x4.h Drivers/CMSIS/Include/core_cm0plus.h Drivers/CMSIS/Include/cmsis_version.h Drivers/CMSIS/Include/cmsis_compiler.h Drivers/CMSIS/Include/cmsis_gcc.h Drivers/CMSIS/Device/ST/STM32L0xx/Include/system_stm32l0xx.h Drivers/STM32L0xx_HAL_Driver/Inc/stm32l0xx_ll_utils.h Drivers/STM32L0xx_HAL_Driver/Inc/stm32l0xx_ll_system.h Drivers/STM32L0xx_HAL_Driver/Inc/stm32l0xx_ll_pwr.h | build
#  Implicit rule search has been done.
#  Implicit/static pattern stem: 'stm32l0xx_ll_utils'
#  Last modified 2022-06-15 19:05:49
#  File has been updated.
#  Successfully updated.
#  recipe to execute (from 'Makefile', line 193):
	$(CC) -c $(CFLAGS) -Wa,-a,-ad,-alms=$(BUILD_DIR)/$(notdir $(<:.c=.lst)) $< -o $@

# Not a target:
build/write_sflash.d:
#  Implicit rule search has been done.
#  Last modified 2022-06-15 19:05:50
#  File has been updated.
#  Successfully updated.

# Not a target:
build/w25qxx.d:
#  Implicit rule search has been done.
#  Last modified 2022-06-15 19:05:50
#  File has been updated.
#  Successfully updated.

build/gpio.o: Core/Src/gpio.c Makefile Core/Src/gpio.c Core/Inc/gpio.h Core/Inc/main.h Drivers/STM32L0xx_HAL_Driver/Inc/stm32l0xx_ll_dma.h Drivers/CMSIS/Device/ST/STM32L0xx/Include/stm32l0xx.h Drivers/CMSIS/Device/ST/STM32L0xx/Include/stm32l010x4.h Drivers/CMSIS/Include/core_cm0plus.h Drivers/CMSIS/Include/cmsis_version.h Drivers/CMSIS/Include/cmsis_compiler.h Drivers/CMSIS/Include/cmsis_gcc.h Drivers/CMSIS/Device/ST/STM32L0xx/Include/system_stm32l0xx.h Drivers/STM32L0xx_HAL_Driver/Inc/stm32l0xx_ll_i2c.h Drivers/STM32L0xx_HAL_Driver/Inc/stm32l0xx_ll_lptim.h Drivers/STM32L0xx_HAL_Driver/Inc/stm32l0xx_ll_lpuart.h Drivers/STM32L0xx_HAL_Driver/Inc/stm32l0xx_ll_rcc.h Drivers/STM32L0xx_HAL_Driver/Inc/stm32l0xx_ll_crs.h Drivers/STM32L0xx_HAL_Driver/Inc/stm32l0xx_ll_bus.h Drivers/STM32L0xx_HAL_Driver/Inc/stm32l0xx_ll_system.h Drivers/STM32L0xx_HAL_Driver/Inc/stm32l0xx_ll_exti.h Drivers/STM32L0xx_HAL_Driver/Inc/stm32l0xx_ll_cortex.h Drivers/STM32L0xx_HAL_Driver/Inc/stm32l0xx_ll_utils.h Drivers/STM32L0xx_HAL_Driver/Inc/stm32l0xx_ll_pwr.h Drivers/STM32L0xx_HAL_Driver/Inc/stm32l0xx_ll_rtc.h Drivers/STM32L0xx_HAL_Driver/Inc/stm32l0xx_ll_spi.h Drivers/STM32L0xx_HAL_Driver/Inc/stm32l0xx_ll_gpio.h | build
#  Implicit rule search has been done.
#  Implicit/static pattern stem: 'gpio'
#  Last modified 2022-06-15 19:05:48
#  File has been updated.
#  Successfully updated.
#  recipe to execute (from 'Makefile', line 193):
	$(CC) -c $(CFLAGS) -Wa,-a,-ad,-alms=$(BUILD_DIR)/$(notdir $(<:.c=.lst)) $< -o $@

# Not a target:
Core/Src/i2c.c:
#  Implicit rule search has been done.
#  Last modified 2022-02-13 15:49:38
#  File has been updated.
#  Successfully updated.

build:
#  Implicit rule search has not been done.
#  Last modified 2022-06-15 19:05:50
#  File has been updated.
#  Successfully updated.
#  recipe to execute (from 'Makefile', line 209):
	mkdir $@

user/lpuart/vcom.h:
#  Implicit rule search has been done.
#  Last modified 2022-06-15 18:44:24
#  File has been updated.
#  Successfully updated.

build/startup_stm32l010x4.o: startup_stm32l010x4.s Makefile startup_stm32l010x4.s | build
#  Implicit rule search has been done.
#  Implicit/static pattern stem: 'startup_stm32l010x4'
#  Last modified 2022-06-15 19:05:50
#  File has been updated.
#  Successfully updated.
#  recipe to execute (from 'Makefile', line 196):
	$(AS) -c $(CFLAGS) $< -o $@

# Not a target:
build/stm32l0xx_ll_gpio.d:
#  Implicit rule search has been done.
#  Last modified 2022-06-15 19:05:48
#  File has been updated.
#  Successfully updated.

# Not a target:
build/command.d:
#  Implicit rule search has been done.
#  Last modified 2022-06-15 19:05:50
#  File has been updated.
#  Successfully updated.

build/utilities.o: user/lpuart/utilities.c Makefile user/lpuart/utilities.c user/lpuart/utilities.h Core/Inc/main.h Drivers/STM32L0xx_HAL_Driver/Inc/stm32l0xx_ll_dma.h Drivers/CMSIS/Device/ST/STM32L0xx/Include/stm32l0xx.h Drivers/CMSIS/Device/ST/STM32L0xx/Include/stm32l010x4.h Drivers/CMSIS/Include/core_cm0plus.h Drivers/CMSIS/Include/cmsis_version.h Drivers/CMSIS/Include/cmsis_compiler.h Drivers/CMSIS/Include/cmsis_gcc.h Drivers/CMSIS/Device/ST/STM32L0xx/Include/system_stm32l0xx.h Drivers/STM32L0xx_HAL_Driver/Inc/stm32l0xx_ll_i2c.h Drivers/STM32L0xx_HAL_Driver/Inc/stm32l0xx_ll_lptim.h Drivers/STM32L0xx_HAL_Driver/Inc/stm32l0xx_ll_lpuart.h Drivers/STM32L0xx_HAL_Driver/Inc/stm32l0xx_ll_rcc.h Drivers/STM32L0xx_HAL_Driver/Inc/stm32l0xx_ll_crs.h Drivers/STM32L0xx_HAL_Driver/Inc/stm32l0xx_ll_bus.h Drivers/STM32L0xx_HAL_Driver/Inc/stm32l0xx_ll_system.h Drivers/STM32L0xx_HAL_Driver/Inc/stm32l0xx_ll_exti.h Drivers/STM32L0xx_HAL_Driver/Inc/stm32l0xx_ll_cortex.h Drivers/STM32L0xx_HAL_Driver/Inc/stm32l0xx_ll_utils.h Drivers/STM32L0xx_HAL_Driver/Inc/stm32l0xx_ll_pwr.h Drivers/STM32L0xx_HAL_Driver/Inc/stm32l0xx_ll_rtc.h Drivers/STM32L0xx_HAL_Driver/Inc/stm32l0xx_ll_spi.h Drivers/STM32L0xx_HAL_Driver/Inc/stm32l0xx_ll_gpio.h | build
#  Implicit rule search has been done.
#  Implicit/static pattern stem: 'utilities'
#  Last modified 2022-06-15 19:05:50
#  File has been updated.
#  Successfully updated.
#  recipe to execute (from 'Makefile', line 193):
	$(CC) -c $(CFLAGS) -Wa,-a,-ad,-alms=$(BUILD_DIR)/$(notdir $(<:.c=.lst)) $< -o $@

# Not a target:
build/i2c.d:
#  Implicit rule search has been done.
#  Last modified 2022-06-15 19:05:48
#  File has been updated.
#  Successfully updated.

# Not a target:
Core/Src/rtc.c:
#  Implicit rule search has been done.
#  Last modified 2022-02-13 15:49:39
#  File has been updated.
#  Successfully updated.

build/stm32l0xx_ll_dma.o: Drivers/STM32L0xx_HAL_Driver/Src/stm32l0xx_ll_dma.c Makefile Drivers/STM32L0xx_HAL_Driver/Src/stm32l0xx_ll_dma.c Drivers/STM32L0xx_HAL_Driver/Inc/stm32l0xx_ll_dma.h Drivers/CMSIS/Device/ST/STM32L0xx/Include/stm32l0xx.h Drivers/CMSIS/Device/ST/STM32L0xx/Include/stm32l010x4.h Drivers/CMSIS/Include/core_cm0plus.h Drivers/CMSIS/Include/cmsis_version.h Drivers/CMSIS/Include/cmsis_compiler.h Drivers/CMSIS/Include/cmsis_gcc.h Drivers/CMSIS/Device/ST/STM32L0xx/Include/system_stm32l0xx.h Drivers/STM32L0xx_HAL_Driver/Inc/stm32l0xx_ll_bus.h | build
#  Implicit rule search has been done.
#  Implicit/static pattern stem: 'stm32l0xx_ll_dma'
#  Last modified 2022-06-15 19:05:49
#  File has been updated.
#  Successfully updated.
#  recipe to execute (from 'Makefile', line 193):
	$(CC) -c $(CFLAGS) -Wa,-a,-ad,-alms=$(BUILD_DIR)/$(notdir $(<:.c=.lst)) $< -o $@

# Not a target:
build/vcom.d:
#  Implicit rule search has been done.
#  Last modified 2022-06-15 19:05:50
#  File has been updated.
#  Successfully updated.

# Not a target:
build/stm32l0xx_ll_lpuart.d:
#  Implicit rule search has been done.
#  Last modified 2022-06-15 19:05:49
#  File has been updated.
#  Successfully updated.

# Not a target:
Drivers/STM32L0xx_HAL_Driver/Src/stm32l0xx_ll_rtc.c:
#  Implicit rule search has been done.
#  Last modified 2021-08-09 19:29:58
#  File has been updated.
#  Successfully updated.

# Not a target:
build/tiny_sscanf.d:
#  Implicit rule search has been done.
#  Last modified 2022-06-15 19:05:49
#  File has been updated.
#  Successfully updated.

Core/Inc/stm32l0xx_it.h:
#  Implicit rule search has been done.
#  Last modified 2022-02-13 15:49:40
#  File has been updated.
#  Successfully updated.

# Not a target:
build/stm32l0xx_ll_rcc.d:
#  Implicit rule search has been done.
#  Last modified 2022-06-15 19:05:49
#  File has been updated.
#  Successfully updated.

build/step_process.o: user/pedometer/step_process.c Makefile user/pedometer/step_process.c user/pedometer/step_process.h Core/Inc/main.h Drivers/STM32L0xx_HAL_Driver/Inc/stm32l0xx_ll_dma.h Drivers/CMSIS/Device/ST/STM32L0xx/Include/stm32l0xx.h Drivers/CMSIS/Device/ST/STM32L0xx/Include/stm32l010x4.h Drivers/CMSIS/Include/core_cm0plus.h Drivers/CMSIS/Include/cmsis_version.h Drivers/CMSIS/Include/cmsis_compiler.h Drivers/CMSIS/Include/cmsis_gcc.h Drivers/CMSIS/Device/ST/STM32L0xx/Include/system_stm32l0xx.h Drivers/STM32L0xx_HAL_Driver/Inc/stm32l0xx_ll_i2c.h Drivers/STM32L0xx_HAL_Driver/Inc/stm32l0xx_ll_lptim.h Drivers/STM32L0xx_HAL_Driver/Inc/stm32l0xx_ll_lpuart.h Drivers/STM32L0xx_HAL_Driver/Inc/stm32l0xx_ll_rcc.h Drivers/STM32L0xx_HAL_Driver/Inc/stm32l0xx_ll_crs.h Drivers/STM32L0xx_HAL_Driver/Inc/stm32l0xx_ll_bus.h Drivers/STM32L0xx_HAL_Driver/Inc/stm32l0xx_ll_system.h Drivers/STM32L0xx_HAL_Driver/Inc/stm32l0xx_ll_exti.h Drivers/STM32L0xx_HAL_Driver/Inc/stm32l0xx_ll_cortex.h Drivers/STM32L0xx_HAL_Driver/Inc/stm32l0xx_ll_utils.h Drivers/STM32L0xx_HAL_Driver/Inc/stm32l0xx_ll_pwr.h Drivers/STM32L0xx_HAL_Driver/Inc/stm32l0xx_ll_rtc.h Drivers/STM32L0xx_HAL_Driver/Inc/stm32l0xx_ll_spi.h Drivers/STM32L0xx_HAL_Driver/Inc/stm32l0xx_ll_gpio.h Core/Inc/usart.h Core/Inc/main.h Core/Inc/lptim.h user/lpuart/vcom.h user/common/common.h user/bma253/bma253.h | build
#  Implicit rule search has been done.
#  Implicit/static pattern stem: 'step_process'
#  Last modified 2022-06-15 19:05:50
#  File has been updated.
#  Successfully updated.
#  recipe to execute (from 'Makefile', line 193):
	$(CC) -c $(CFLAGS) -Wa,-a,-ad,-alms=$(BUILD_DIR)/$(notdir $(<:.c=.lst)) $< -o $@

# Not a target:
build/common.d:
#  Implicit rule search has been done.
#  Last modified 2022-06-15 19:05:49
#  File has been updated.
#  Successfully updated.

Core/Inc/spi.h:
#  Implicit rule search has been done.
#  Last modified 2022-02-13 15:49:40
#  File has been updated.
#  Successfully updated.

user/pedometer/command.h:
#  Implicit rule search has been done.
#  Last modified 2022-06-15 18:32:48
#  File has been updated.
#  Successfully updated.

# Not a target:
build/stm32l0xx_ll_rtc.d:
#  Implicit rule search has been done.
#  Last modified 2022-06-15 19:05:49
#  File has been updated.
#  Successfully updated.

# Not a target:
user/sflash/array_queue.c:
#  Implicit rule search has been done.
#  Last modified 2022-02-17 22:31:10
#  File has been updated.
#  Successfully updated.

# Not a target:
user/lpuart/tiny_vsnprintf.c:
#  Implicit rule search has been done.
#  Last modified 2019-11-11 17:57:54
#  File has been updated.
#  Successfully updated.

Drivers/STM32L0xx_HAL_Driver/Inc/stm32l0xx_ll_pwr.h:
#  Implicit rule search has been done.
#  Last modified 2021-08-09 19:29:58
#  File has been updated.
#  Successfully updated.

build/tiny_vsnprintf.o: user/lpuart/tiny_vsnprintf.c Makefile user/lpuart/tiny_vsnprintf.c user/lpuart/tiny_vsnprintf.h | build
#  Implicit rule search has been done.
#  Implicit/static pattern stem: 'tiny_vsnprintf'
#  Last modified 2022-06-15 19:05:49
#  File has been updated.
#  Successfully updated.
#  recipe to execute (from 'Makefile', line 193):
	$(CC) -c $(CFLAGS) -Wa,-a,-ad,-alms=$(BUILD_DIR)/$(notdir $(<:.c=.lst)) $< -o $@

build/acc_printf.o: user/acc_printf/acc_printf.c Makefile user/acc_printf/acc_printf.c user/acc_printf/acc_printf.h Core/Inc/main.h Drivers/STM32L0xx_HAL_Driver/Inc/stm32l0xx_ll_dma.h Drivers/CMSIS/Device/ST/STM32L0xx/Include/stm32l0xx.h Drivers/CMSIS/Device/ST/STM32L0xx/Include/stm32l010x4.h Drivers/CMSIS/Include/core_cm0plus.h Drivers/CMSIS/Include/cmsis_version.h Drivers/CMSIS/Include/cmsis_compiler.h Drivers/CMSIS/Include/cmsis_gcc.h Drivers/CMSIS/Device/ST/STM32L0xx/Include/system_stm32l0xx.h Drivers/STM32L0xx_HAL_Driver/Inc/stm32l0xx_ll_i2c.h Drivers/STM32L0xx_HAL_Driver/Inc/stm32l0xx_ll_lptim.h Drivers/STM32L0xx_HAL_Driver/Inc/stm32l0xx_ll_lpuart.h Drivers/STM32L0xx_HAL_Driver/Inc/stm32l0xx_ll_rcc.h Drivers/STM32L0xx_HAL_Driver/Inc/stm32l0xx_ll_crs.h Drivers/STM32L0xx_HAL_Driver/Inc/stm32l0xx_ll_bus.h Drivers/STM32L0xx_HAL_Driver/Inc/stm32l0xx_ll_system.h Drivers/STM32L0xx_HAL_Driver/Inc/stm32l0xx_ll_exti.h Drivers/STM32L0xx_HAL_Driver/Inc/stm32l0xx_ll_cortex.h Drivers/STM32L0xx_HAL_Driver/Inc/stm32l0xx_ll_utils.h Drivers/STM32L0xx_HAL_Driver/Inc/stm32l0xx_ll_pwr.h Drivers/STM32L0xx_HAL_Driver/Inc/stm32l0xx_ll_rtc.h Drivers/STM32L0xx_HAL_Driver/Inc/stm32l0xx_ll_spi.h Drivers/STM32L0xx_HAL_Driver/Inc/stm32l0xx_ll_gpio.h user/common/common.h user/lpuart/vcom.h user/bma253/bma253.h | build
#  Implicit rule search has been done.
#  Implicit/static pattern stem: 'acc_printf'
#  Last modified 2022-06-15 19:05:49
#  File has been updated.
#  Successfully updated.
#  recipe to execute (from 'Makefile', line 193):
	$(CC) -c $(CFLAGS) -Wa,-a,-ad,-alms=$(BUILD_DIR)/$(notdir $(<:.c=.lst)) $< -o $@

# Not a target:
Core/Src/stm32l0xx_it.c:
#  Implicit rule search has been done.
#  Last modified 2022-06-15 19:00:30
#  File has been updated.
#  Successfully updated.

user/lpuart/utilities.h:
#  Implicit rule search has been done.
#  Last modified 2022-02-16 22:14:11
#  File has been updated.
#  Successfully updated.

# Not a target:
Core/Src/spi.c:
#  Implicit rule search has been done.
#  Last modified 2022-02-13 15:49:40
#  File has been updated.
#  Successfully updated.

Drivers/STM32L0xx_HAL_Driver/Inc/stm32l0xx_ll_system.h:
#  Implicit rule search has been done.
#  Last modified 2021-08-09 19:29:58
#  File has been updated.
#  Successfully updated.

# Not a target:
build/stm32l0xx_it.d:
#  Implicit rule search has been done.
#  Last modified 2022-06-15 19:05:49
#  File has been updated.
#  Successfully updated.

build/stm32l0xx_ll_spi.o: Drivers/STM32L0xx_HAL_Driver/Src/stm32l0xx_ll_spi.c Makefile Drivers/STM32L0xx_HAL_Driver/Src/stm32l0xx_ll_spi.c Drivers/STM32L0xx_HAL_Driver/Inc/stm32l0xx_ll_spi.h Drivers/CMSIS/Device/ST/STM32L0xx/Include/stm32l0xx.h Drivers/CMSIS/Device/ST/STM32L0xx/Include/stm32l010x4.h Drivers/CMSIS/Include/core_cm0plus.h Drivers/CMSIS/Include/cmsis_version.h Drivers/CMSIS/Include/cmsis_compiler.h Drivers/CMSIS/Include/cmsis_gcc.h Drivers/CMSIS/Device/ST/STM32L0xx/Include/system_stm32l0xx.h Drivers/STM32L0xx_HAL_Driver/Inc/stm32l0xx_ll_bus.h Drivers/STM32L0xx_HAL_Driver/Inc/stm32l0xx_ll_rcc.h | build
#  Implicit rule search has been done.
#  Implicit/static pattern stem: 'stm32l0xx_ll_spi'
#  Last modified 2022-06-15 19:05:49
#  File has been updated.
#  Successfully updated.
#  recipe to execute (from 'Makefile', line 193):
	$(CC) -c $(CFLAGS) -Wa,-a,-ad,-alms=$(BUILD_DIR)/$(notdir $(<:.c=.lst)) $< -o $@

build/stm32l0xx_ll_lptim.o: Drivers/STM32L0xx_HAL_Driver/Src/stm32l0xx_ll_lptim.c Makefile Drivers/STM32L0xx_HAL_Driver/Src/stm32l0xx_ll_lptim.c Drivers/STM32L0xx_HAL_Driver/Inc/stm32l0xx_ll_lptim.h Drivers/CMSIS/Device/ST/STM32L0xx/Include/stm32l0xx.h Drivers/CMSIS/Device/ST/STM32L0xx/Include/stm32l010x4.h Drivers/CMSIS/Include/core_cm0plus.h Drivers/CMSIS/Include/cmsis_version.h Drivers/CMSIS/Include/cmsis_compiler.h Drivers/CMSIS/Include/cmsis_gcc.h Drivers/CMSIS/Device/ST/STM32L0xx/Include/system_stm32l0xx.h Drivers/STM32L0xx_HAL_Driver/Inc/stm32l0xx_ll_bus.h Drivers/STM32L0xx_HAL_Driver/Inc/stm32l0xx_ll_rcc.h | build
#  Implicit rule search has been done.
#  Implicit/static pattern stem: 'stm32l0xx_ll_lptim'
#  Last modified 2022-06-15 19:05:49
#  File has been updated.
#  Successfully updated.
#  recipe to execute (from 'Makefile', line 193):
	$(CC) -c $(CFLAGS) -Wa,-a,-ad,-alms=$(BUILD_DIR)/$(notdir $(<:.c=.lst)) $< -o $@

# Not a target:
Drivers/STM32L0xx_HAL_Driver/Src/stm32l0xx_ll_pwr.c:
#  Implicit rule search has been done.
#  Last modified 2021-08-09 19:29:58
#  File has been updated.
#  Successfully updated.

# Not a target:
build/spi.d:
#  Implicit rule search has been done.
#  Last modified 2022-06-15 19:05:48
#  File has been updated.
#  Successfully updated.

Drivers/STM32L0xx_HAL_Driver/Inc/stm32l0xx_ll_utils.h:
#  Implicit rule search has been done.
#  Last modified 2021-08-09 19:29:58
#  File has been updated.
#  Successfully updated.

# Not a target:
user/pedometer/step_process.c:
#  Implicit rule search has been done.
#  Last modified 2022-06-15 19:00:30
#  File has been updated.
#  Successfully updated.

# Not a target:
Drivers/STM32L0xx_HAL_Driver/Src/stm32l0xx_ll_spi.c:
#  Implicit rule search has been done.
#  Last modified 2021-08-09 19:29:58
#  File has been updated.
#  Successfully updated.

# Not a target:
.DEFAULT:
#  Implicit rule search has not been done.
#  Modification time never checked.
#  File has not been updated.

user/sflash/array_queue.h:
#  Implicit rule search has been done.
#  Last modified 2022-06-15 09:13:09
#  File has been updated.
#  Successfully updated.

# Not a target:
user/acc_printf/acc_printf.c:
#  Implicit rule search has been done.
#  Last modified 2022-06-15 19:00:30
#  File has been updated.
#  Successfully updated.

Drivers/STM32L0xx_HAL_Driver/Inc/stm32l0xx_ll_dma.h:
#  Implicit rule search has been done.
#  Last modified 2021-08-09 19:29:58
#  File has been updated.
#  Successfully updated.

user/lpuart/tiny_vsnprintf.h:
#  Implicit rule search has been done.
#  Last modified 2019-11-11 17:57:54
#  File has been updated.
#  Successfully updated.

build/write_sflash.o: user/sflash/write_sflash.c Makefile user/sflash/write_sflash.c user/sflash/write_sflash.h Core/Inc/main.h Drivers/STM32L0xx_HAL_Driver/Inc/stm32l0xx_ll_dma.h Drivers/CMSIS/Device/ST/STM32L0xx/Include/stm32l0xx.h Drivers/CMSIS/Device/ST/STM32L0xx/Include/stm32l010x4.h Drivers/CMSIS/Include/core_cm0plus.h Drivers/CMSIS/Include/cmsis_version.h Drivers/CMSIS/Include/cmsis_compiler.h Drivers/CMSIS/Include/cmsis_gcc.h Drivers/CMSIS/Device/ST/STM32L0xx/Include/system_stm32l0xx.h Drivers/STM32L0xx_HAL_Driver/Inc/stm32l0xx_ll_i2c.h Drivers/STM32L0xx_HAL_Driver/Inc/stm32l0xx_ll_lptim.h Drivers/STM32L0xx_HAL_Driver/Inc/stm32l0xx_ll_lpuart.h Drivers/STM32L0xx_HAL_Driver/Inc/stm32l0xx_ll_rcc.h Drivers/STM32L0xx_HAL_Driver/Inc/stm32l0xx_ll_crs.h Drivers/STM32L0xx_HAL_Driver/Inc/stm32l0xx_ll_bus.h Drivers/STM32L0xx_HAL_Driver/Inc/stm32l0xx_ll_system.h Drivers/STM32L0xx_HAL_Driver/Inc/stm32l0xx_ll_exti.h Drivers/STM32L0xx_HAL_Driver/Inc/stm32l0xx_ll_cortex.h Drivers/STM32L0xx_HAL_Driver/Inc/stm32l0xx_ll_utils.h Drivers/STM32L0xx_HAL_Driver/Inc/stm32l0xx_ll_pwr.h Drivers/STM32L0xx_HAL_Driver/Inc/stm32l0xx_ll_rtc.h Drivers/STM32L0xx_HAL_Driver/Inc/stm32l0xx_ll_spi.h Drivers/STM32L0xx_HAL_Driver/Inc/stm32l0xx_ll_gpio.h user/sflash/w25qxx.h user/sflash/array_queue.h | build
#  Implicit rule search has been done.
#  Implicit/static pattern stem: 'write_sflash'
#  Last modified 2022-06-15 19:05:50
#  File has been updated.
#  Successfully updated.
#  recipe to execute (from 'Makefile', line 193):
	$(CC) -c $(CFLAGS) -Wa,-a,-ad,-alms=$(BUILD_DIR)/$(notdir $(<:.c=.lst)) $< -o $@

build/w25qxx.o: user/sflash/w25qxx.c Makefile user/sflash/w25qxx.c user/sflash/w25qxx.h Core/Inc/main.h Drivers/STM32L0xx_HAL_Driver/Inc/stm32l0xx_ll_dma.h Drivers/CMSIS/Device/ST/STM32L0xx/Include/stm32l0xx.h Drivers/CMSIS/Device/ST/STM32L0xx/Include/stm32l010x4.h Drivers/CMSIS/Include/core_cm0plus.h Drivers/CMSIS/Include/cmsis_version.h Drivers/CMSIS/Include/cmsis_compiler.h Drivers/CMSIS/Include/cmsis_gcc.h Drivers/CMSIS/Device/ST/STM32L0xx/Include/system_stm32l0xx.h Drivers/STM32L0xx_HAL_Driver/Inc/stm32l0xx_ll_i2c.h Drivers/STM32L0xx_HAL_Driver/Inc/stm32l0xx_ll_lptim.h Drivers/STM32L0xx_HAL_Driver/Inc/stm32l0xx_ll_lpuart.h Drivers/STM32L0xx_HAL_Driver/Inc/stm32l0xx_ll_rcc.h Drivers/STM32L0xx_HAL_Driver/Inc/stm32l0xx_ll_crs.h Drivers/STM32L0xx_HAL_Driver/Inc/stm32l0xx_ll_bus.h Drivers/STM32L0xx_HAL_Driver/Inc/stm32l0xx_ll_system.h Drivers/STM32L0xx_HAL_Driver/Inc/stm32l0xx_ll_exti.h Drivers/STM32L0xx_HAL_Driver/Inc/stm32l0xx_ll_cortex.h Drivers/STM32L0xx_HAL_Driver/Inc/stm32l0xx_ll_utils.h Drivers/STM32L0xx_HAL_Driver/Inc/stm32l0xx_ll_pwr.h Drivers/STM32L0xx_HAL_Driver/Inc/stm32l0xx_ll_rtc.h Drivers/STM32L0xx_HAL_Driver/Inc/stm32l0xx_ll_spi.h Drivers/STM32L0xx_HAL_Driver/Inc/stm32l0xx_ll_gpio.h | build
#  Implicit rule search has been done.
#  Implicit/static pattern stem: 'w25qxx'
#  Last modified 2022-06-15 19:05:50
#  File has been updated.
#  Successfully updated.
#  recipe to execute (from 'Makefile', line 193):
	$(CC) -c $(CFLAGS) -Wa,-a,-ad,-alms=$(BUILD_DIR)/$(notdir $(<:.c=.lst)) $< -o $@

# Not a target:
Drivers/STM32L0xx_HAL_Driver/Src/stm32l0xx_ll_utils.c:
#  Implicit rule search has been done.
#  Last modified 2021-08-09 19:29:5 
8
#  File has been updated.
#  Successfully updated.

# Not a target:
build/bma253_iic.d:
#  Implicit rule search has been done.
#  Last modified 2022-06-15 19:05:49
#  File has been updated.
#  Successfully updated.

build/stm32l0xx_ll_gpio.o: Drivers/STM32L0xx_HAL_Driver/Src/stm32l0xx_ll_gpio.c Makefile Drivers/STM32L0xx_HAL_Driver/Src/stm32l0xx_ll_gpio.c Drivers/STM32L0xx_HAL_Driver/Inc/stm32l0xx_ll_gpio.h Drivers/CMSIS/Device/ST/STM32L0xx/Include/stm32l0xx.h Drivers/CMSIS/Device/ST/STM32L0xx/Include/stm32l010x4.h Drivers/CMSIS/Include/core_cm0plus.h Drivers/CMSIS/Include/cmsis_version.h Drivers/CMSIS/Include/cmsis_compiler.h Drivers/CMSIS/Include/cmsis_gcc.h Drivers/CMSIS/Device/ST/STM32L0xx/Include/system_stm32l0xx.h Drivers/STM32L0xx_HAL_Driver/Inc/stm32l0xx_ll_bus.h | build
#  Implicit rule search has been done.
#  Implicit/static pattern stem: 'stm32l0xx_ll_gpio'
#  Last modified 2022-06-15 19:05:49
#  File has been updated.
#  Successfully updated.
#  recipe to execute (from 'Makefile', line 193):
	$(CC) -c $(CFLAGS) -Wa,-a,-ad,-alms=$(BUILD_DIR)/$(notdir $(<:.c=.lst)) $< -o $@

build/command.o: user/pedometer/command.c Makefile user/pedometer/command.c user/pedometer/at.h user/lpuart/vcom.h Core/Inc/main.h Drivers/STM32L0xx_HAL_Driver/Inc/stm32l0xx_ll_dma.h Drivers/CMSIS/Device/ST/STM32L0xx/Include/stm32l0xx.h Drivers/CMSIS/Device/ST/STM32L0xx/Include/stm32l010x4.h Drivers/CMSIS/Include/core_cm0plus.h Drivers/CMSIS/Include/cmsis_version.h Drivers/CMSIS/Include/cmsis_compiler.h Drivers/CMSIS/Include/cmsis_gcc.h Drivers/CMSIS/Device/ST/STM32L0xx/Include/system_stm32l0xx.h Drivers/STM32L0xx_HAL_Driver/Inc/stm32l0xx_ll_i2c.h Drivers/STM32L0xx_HAL_Driver/Inc/stm32l0xx_ll_lptim.h Drivers/STM32L0xx_HAL_Driver/Inc/stm32l0xx_ll_lpuart.h Drivers/STM32L0xx_HAL_Driver/Inc/stm32l0xx_ll_rcc.h Drivers/STM32L0xx_HAL_Driver/Inc/stm32l0xx_ll_crs.h Drivers/STM32L0xx_HAL_Driver/Inc/stm32l0xx_ll_bus.h Drivers/STM32L0xx_HAL_Driver/Inc/stm32l0xx_ll_system.h Drivers/STM32L0xx_HAL_Driver/Inc/stm32l0xx_ll_exti.h Drivers/STM32L0xx_HAL_Driver/Inc/stm32l0xx_ll_cortex.h Drivers/STM32L0xx_HAL_Driver/Inc/stm32l0xx_ll_utils.h Drivers/STM32L0xx_HAL_Driver/Inc/stm32l0xx_ll_pwr.h Drivers/STM32L0xx_HAL_Driver/Inc/stm32l0xx_ll_rtc.h Drivers/STM32L0xx_HAL_Driver/Inc/stm32l0xx_ll_spi.h Drivers/STM32L0xx_HAL_Driver/Inc/stm32l0xx_ll_gpio.h user/pedometer/command.h | build
#  Implicit rule search has been done.
#  Implicit/static pattern stem: 'command'
#  Last modified 2022-06-15 19:05:50
#  File has been updated.
#  Successfully updated.
#  recipe to execute (from 'Makefile', line 193):
	$(CC) -c $(CFLAGS) -Wa,-a,-ad,-alms=$(BUILD_DIR)/$(notdir $(<:.c=.lst)) $< -o $@

build/STM32L0_BMA253.hex: build/STM32L0_BMA253.elf | build
#  Implicit rule search has been done.
#  Implicit/static pattern stem: 'STM32L0_BMA253'
#  Last modified 2022-06-15 19:05:50
#  File has been updated.
#  Successfully updated.
#  recipe to execute (from 'Makefile', line 203):
	$(HEX) $< $@

build/i2c.o: Core/Src/i2c.c Makefile Core/Src/i2c.c Core/Inc/i2c.h Core/Inc/main.h Drivers/STM32L0xx_HAL_Driver/Inc/stm32l0xx_ll_dma.h Drivers/CMSIS/Device/ST/STM32L0xx/Include/stm32l0xx.h Drivers/CMSIS/Device/ST/STM32L0xx/Include/stm32l010x4.h Drivers/CMSIS/Include/core_cm0plus.h Drivers/CMSIS/Include/cmsis_version.h Drivers/CMSIS/Include/cmsis_compiler.h Drivers/CMSIS/Include/cmsis_gcc.h Drivers/CMSIS/Device/ST/STM32L0xx/Include/system_stm32l0xx.h Drivers/STM32L0xx_HAL_Driver/Inc/stm32l0xx_ll_i2c.h Drivers/STM32L0xx_HAL_Driver/Inc/stm32l0xx_ll_lptim.h Drivers/STM32L0xx_HAL_Driver/Inc/stm32l0xx_ll_lpuart.h Drivers/STM32L0xx_HAL_Driver/Inc/stm32l0xx_ll_rcc.h Drivers/STM32L0xx_HAL_Driver/Inc/stm32l0xx_ll_crs.h Drivers/STM32L0xx_HAL_Driver/Inc/stm32l0xx_ll_bus.h Drivers/STM32L0xx_HAL_Driver/Inc/stm32l0xx_ll_system.h Drivers/STM32L0xx_HAL_Driver/Inc/stm32l0xx_ll_exti.h Drivers/STM32L0xx_HAL_Driver/Inc/stm32l0xx_ll_cortex.h Drivers/STM32L0xx_HAL_Driver/Inc/stm32l0xx_ll_utils.h Drivers/STM32L0xx_HAL_Driver/Inc/stm32l0xx_ll_pwr.h Drivers/STM32L0xx_HAL_Driver/Inc/stm32l0xx_ll_rtc.h Drivers/STM32L0xx_HAL_Driver/Inc/stm32l0xx_ll_spi.h Drivers/STM32L0xx_HAL_Driver/Inc/stm32l0xx_ll_gpio.h | build
#  Implicit rule search has been done.
#  Implicit/static pattern stem: 'i2c'
#  Last modified 2022-06-15 19:05:48
#  File has been updated.
#  Successfully updated.
#  recipe to execute (from 'Makefile', line 193):
	$(CC) -c $(CFLAGS) -Wa,-a,-ad,-alms=$(BUILD_DIR)/$(notdir $(<:.c=.lst)) $< -o $@

Core/Inc/main.h:
#  Implicit rule search has been done.
#  Last modified 2022-06-15 11:14:18
#  File has been updated.
#  Successfully updated.

build/stm32l0xx_ll_lpuart.o: Drivers/STM32L0xx_HAL_Driver/Src/stm32l0xx_ll_lpuart.c Makefile Drivers/STM32L0xx_HAL_Driver/Src/stm32l0xx_ll_lpuart.c Drivers/STM32L0xx_HAL_Driver/Inc/stm32l0xx_ll_lpuart.h Drivers/CMSIS/Device/ST/STM32L0xx/Include/stm32l0xx.h Drivers/CMSIS/Device/ST/STM32L0xx/Include/stm32l010x4.h Drivers/CMSIS/Include/core_cm0plus.h Drivers/CMSIS/Include/cmsis_version.h Drivers/CMSIS/Include/cmsis_compiler.h Drivers/CMSIS/Include/cmsis_gcc.h Drivers/CMSIS/Device/ST/STM32L0xx/Include/system_stm32l0xx.h Drivers/STM32L0xx_HAL_Driver/Inc/stm32l0xx_ll_rcc.h Drivers/STM32L0xx_HAL_Driver/Inc/stm32l0xx_ll_bus.h | build
#  Implicit rule search has been done.
#  Implicit/static pattern stem: 'stm32l0xx_ll_lpuart'
#  Last modified 2022-06-15 19:05:49
#  File has been updated.
#  Successfully updated.
#  recipe to execute (from 'Makefile', line 193):
	$(CC) -c $(CFLAGS) -Wa,-a,-ad,-alms=$(BUILD_DIR)/$(notdir $(<:.c=.lst)) $< -o $@

# Not a target:
build/at.d:
#  Implicit rule search has been done.
#  Last modified 2022-06-15 19:05:50
#  File has been updated.
#  Successfully updated.

Drivers/CMSIS/Include/core_cm0plus.h:
#  Implicit rule search has been done.
#  Last modified 2021-08-09 19:29:40
#  File has been updated.
#  Successfully updated.

clean:
#  Implicit rule search has not been done.
#  Modification time never checked.
#  File has not been updated.
#  recipe to execute (from 'Makefile', line 215):
	-rm -fR $(BUILD_DIR)

# Not a target:
Drivers/STM32L0xx_HAL_Driver/Src/stm32l0xx_ll_dma.c:
#  Implicit rule search has been done.
#  Last modified 2021-08-09 19:29:58
#  File has been updated.
#  Successfully updated.

# Not a target:
user/bma253/bma253_iic.c:
#  Implicit rule search has been done.
#  Last modified 2022-02-22 21:57:04
#  File has been updated.
#  Successfully updated.

# Not a target:
build/stm32l0xx_ll_i2c.d:
#  Implicit rule search has been done.
#  Last modified 2022-06-15 19:05:48
#  File has been updated.
#  Successfully updated.

# Not a target:
user/lpuart/tiny_sscanf.c:
#  Implicit rule search has been done.
#  Last modified 2019-11-11 17:57:54
#  File has been updated.
#  Successfully updated.

# Not a target:
user/lpuart/utilities.c:
#  Implicit rule search has been done.
#  Last modified 2020-06-13 11:50:34
#  File has been updated.
#  Successfully updated.

user/pedometer/step_process.h:
#  Implicit rule search has been done.
#  Last modified 2022-06-15 18:42:05
#  File has been updated.
#  Successfully updated.

build/tiny_sscanf.o: user/lpuart/tiny_sscanf.c Makefile user/lpuart/tiny_sscanf.c user/lpuart/tiny_sscanf.h | build
#  Implicit rule search has been done.
#  Implicit/static pattern stem: 'tiny_sscanf'
#  Last modified 2022-06-15 19:05:50
#  File has been updated.
#  Successfully updated.
#  recipe to execute (from 'Makefile', line 193):
	$(CC) -c $(CFLAGS) -Wa,-a,-ad,-alms=$(BUILD_DIR)/$(notdir $(<:.c=.lst)) $< -o $@

# Not a target:
build/stm32l0xx_ll_exti.d:
#  Implicit rule search has been done.
#  Last modified 2022-06-15 19:05:48
#  File has been updated.
#  Successfully updated.

build/stm32l0xx_ll_rcc.o: Drivers/STM32L0xx_HAL_Driver/Src/stm32l0xx_ll_rcc.c Makefile Drivers/STM32L0xx_HAL_Driver/Src/stm32l0xx_ll_rcc.c Drivers/STM32L0xx_HAL_Driver/Inc/stm32l0xx_ll_rcc.h Drivers/CMSIS/Device/ST/STM32L0xx/Include/stm32l0xx.h Drivers/CMSIS/Device/ST/STM32L0xx/Include/stm32l010x4.h Drivers/CMSIS/Include/core_cm0plus.h Drivers/CMSIS/Include/cmsis_version.h Drivers/CMSIS/Include/cmsis_compiler.h Drivers/CMSIS/Include/cmsis_gcc.h Drivers/CMSIS/Device/ST/STM32L0xx/Include/system_stm32l0xx.h | build
#  Implicit rule search has been done.
#  Implicit/static pattern stem: 'stm32l0xx_ll_rcc'
#  Last modified 2022-06-15 19:05:49
#  File has been updated.
#  Successfully updated.
#  recipe to execute (from 'Makefile', line 193):
	$(CC) -c $(CFLAGS) -Wa,-a,-ad,-alms=$(BUILD_DIR)/$(notdir $(<:.c=.lst)) $< -o $@

Core/Inc/usart.h:
#  Implicit rule search has been done.
#  Last modified 2022-02-13 16:37:53
#  File has been updated.
#  Successfully updated.

build/common.o: user/common/common.c Makefile user/common/common.c Core/Inc/main.h Drivers/STM32L0xx_HAL_Driver/Inc/stm32l0xx_ll_dma.h Drivers/CMSIS/Device/ST/STM32L0xx/Include/stm32l0xx.h Drivers/CMSIS/Device/ST/STM32L0xx/Include/stm32l010x4.h Drivers/CMSIS/Include/core_cm0plus.h Drivers/CMSIS/Include/cmsis_version.h Drivers/CMSIS/Include/cmsis_compiler.h Drivers/CMSIS/Include/cmsis_gcc.h Drivers/CMSIS/Device/ST/STM32L0xx/Include/system_stm32l0xx.h Drivers/STM32L0xx_HAL_Driver/Inc/stm32l0xx_ll_i2c.h Drivers/STM32L0xx_HAL_Driver/Inc/stm32l0xx_ll_lptim.h Drivers/STM32L0xx_HAL_Driver/Inc/stm32l0xx_ll_lpuart.h Drivers/STM32L0xx_HAL_Driver/Inc/stm32l0xx_ll_rcc.h Drivers/STM32L0xx_HAL_Driver/Inc/stm32l0xx_ll_crs.h Drivers/STM32L0xx_HAL_Driver/Inc/stm32l0xx_ll_bus.h Drivers/STM32L0xx_HAL_Driver/Inc/stm32l0xx_ll_system.h Drivers/STM32L0xx_HAL_Driver/Inc/stm32l0xx_ll_exti.h Drivers/STM32L0xx_HAL_Driver/Inc/stm32l0xx_ll_cortex.h Drivers/STM32L0xx_HAL_Driver/Inc/stm32l0xx_ll_utils.h Drivers/STM32L0xx_HAL_Driver/Inc/stm32l0xx_ll_pwr.h Drivers/STM32L0xx_HAL_Driver/Inc/stm32l0xx_ll_rtc.h Drivers/STM32L0xx_HAL_Driver/Inc/stm32l0xx_ll_spi.h Drivers/STM32L0xx_HAL_Driver/Inc/stm32l0xx_ll_gpio.h Core/Inc/gpio.h Core/Inc/main.h Core/Inc/i2c.h Core/Inc/usart.h Core/Inc/lptim.h Core/Inc/rtc.h user/lpuart/vcom.h user/common/common.h | build
#  Implicit rule search has been done.
#  Implicit/static pattern stem: 'common'
#  Last modified 2022-06-15 19:05:50
#  File has been updated.
#  Successfully updated.
#  recipe to execute (from 'Makefile', line 193):
	$(CC) -c $(CFLAGS) -Wa,-a,-ad,-alms=$(BUILD_DIR)/$(notdir $(<:.c=.lst)) $< -o $@

build/stm32l0xx_ll_rtc.o: Drivers/STM32L0xx_HAL_Driver/Src/stm32l0xx_ll_rtc.c Makefile Drivers/STM32L0xx_HAL_Driver/Src/stm32l0xx_ll_rtc.c Drivers/STM32L0xx_HAL_Driver/Inc/stm32l0xx_ll_rtc.h Drivers/CMSIS/Device/ST/STM32L0xx/Include/stm32l0xx.h Drivers/CMSIS/Device/ST/STM32L0xx/Include/stm32l010x4.h Drivers/CMSIS/Include/core_cm0plus.h Drivers/CMSIS/Include/cmsis_version.h Drivers/CMSIS/Include/cmsis_compiler.h Drivers/CMSIS/Include/cmsis_gcc.h Drivers/CMSIS/Device/ST/STM32L0xx/Include/system_stm32l0xx.h Drivers/STM32L0xx_HAL_Driver/Inc/stm32l0xx_ll_cortex.h | build
#  Implicit rule search has been done.
#  Implicit/static pattern stem: 'stm32l0xx_ll_rtc'
#  Last modified 2022-06-15 19:05:49
#  File has been updated.
#  Successfully updated.
#  recipe to execute (from 'Makefile', line 193):
	$(CC) -c $(CFLAGS) -Wa,-a,-ad,-alms=$(BUILD_DIR)/$(notdir $(<:.c=.lst)) $< -o $@

Drivers/CMSIS/Device/ST/STM32L0xx/Include/stm32l0xx.h:
#  Implicit rule search has been done.
#  Last modified 2021-08-09 19:29:58
#  File has been updated.
#  Successfully updated.

# Not a target:
Core/Src/main.c:
#  Implicit rule search has been done.
#  Last modified 2022-06-15 19:00:30
#  File has been updated.
#  Successfully updated.

user/acc_printf/acc_printf.h:
#  Implicit rule search has been done.
#  Last modified 2022-02-13 18:51:00
#  File has been updated.
#  Successfully updated.

Drivers/CMSIS/Device/ST/STM32L0xx/Include/stm32l010x4.h:
#  Implicit rule search has been done.
#  Last modified 2021-08-09 19:29:58
#  File has been updated.
#  Successfully updated.

Drivers/STM32L0xx_HAL_Driver/Inc/stm32l0xx_ll_spi.h:
#  Implicit rule search has been done.
#  Last modified 2021-08-09 19:29:58
#  File has been updated.
#  Successfully updated.

Drivers/STM32L0xx_HAL_Driver/Inc/stm32l0xx_ll_lptim.h:
#  Implicit rule search has been done.
#  Last modified 2021-08-09 19:29:58
#  File has been updated.
#  Successfully updated.

build/stm32l0xx_ll_exti.o: Drivers/STM32L0xx_HAL_Driver/Src/stm32l0xx_ll_exti.c Makefile Drivers/STM32L0xx_HAL_Driver/Src/stm32l0xx_ll_exti.c Drivers/STM32L0xx_HAL_Driver/Inc/stm32l0xx_ll_exti.h Drivers/CMSIS/Device/ST/STM32L0xx/Include/stm32l0xx.h Drivers/CMSIS/Device/ST/STM32L0xx/Include/stm32l010x4.h Drivers/CMSIS/Include/core_cm0plus.h Drivers/CMSIS/Include/cmsis_version.h Drivers/CMSIS/Include/cmsis_compiler.h Drivers/CMSIS/Include/cmsis_gcc.h Drivers/CMSIS/Device/ST/STM32L0xx/Include/system_stm32l0xx.h | build
#  Implicit rule search has been done.
#  Implicit/static pattern stem: 'stm32l0xx_ll_exti'
#  Last modified 2022-06-15 19:05:49
#  File has been updated.
#  Successfully updated.
#  recipe to execute (from 'Makefile', line 193):
	$(CC) -c $(CFLAGS) -Wa,-a,-ad,-alms=$(BUILD_DIR)/$(notdir $(<:.c=.lst)) $< -o $@

# Not a target:
build/main.d:
#  Implicit rule search has been done.
#  Last modified 2022-06-15 19:05:48
#  File has been updated.
#  Successfully updated.

# Not a target:
user/pedometer/command.c:
#  Implicit rule search has been done.
#  Last modified 2022-06-15 18:44:24
#  File has been updated.
#  Successfully updated.

Drivers/CMSIS/Device/ST/STM32L0xx/Include/system_stm32l0xx.h:
#  Implicit rule search has been done.
#  Last modified 2021-08-09 19:29:58
#  File has been updated.
#  Successfully updated.

# Not a target:
Core/Src/usart.c:
#  Implicit rule search has been done.
#  Last modified 2022-02-13 16:37:44
#  File has been updated.
#  Successfully updated.

Core/Inc/lptim.h:
#  Implicit rule search has been done.
#  Last modified 2022-02-19 13:38:58
#  File has been updated.
#  Successfully updated.

# Not a target:
build/bma253.d:
#  Implicit rule search has been done.
#  Last modified 2022-06-15 19:05:50
#  File has been updated.
#  Successfully updated.

build/stm32l0xx_it.o: Core/Src/stm32l0xx_it.c Makefile Core/Src/stm32l0xx_it.c Core/Inc/main.h Drivers/STM32L0xx_HAL_Driver/Inc/stm32l0xx_ll_dma.h Drivers/CMSIS/Device/ST/STM32L0xx/Include/stm32l0xx.h Drivers/CMSIS/Device/ST/STM32L0xx/Include/stm32l010x4.h Drivers/CMSIS/Include/core_cm0plus.h Drivers/CMSIS/Include/cmsis_version.h Drivers/CMSIS/Include/cmsis_compiler.h Drivers/CMSIS/Include/cmsis_gcc.h Drivers/CMSIS/Device/ST/STM32L0xx/Include/system_stm32l0xx.h Drivers/STM32L0xx_HAL_Driver/Inc/stm32l0xx_ll_i2c.h Drivers/STM32L0xx_HAL_Driver/Inc/stm32l0xx_ll_lptim.h Drivers/STM32L0xx_HAL_Driver/Inc/stm32l0xx_ll_lpuart.h Drivers/STM32L0xx_HAL_Driver/Inc/stm32l0xx_ll_rcc.h Drivers/STM32L0xx_HAL_Driver/Inc/stm32l0xx_ll_crs.h Drivers/STM32L0xx_HAL_Driver/Inc/stm32l0xx_ll_bus.h Drivers/STM32L0xx_HAL_Driver/Inc/stm32l0xx_ll_system.h Drivers/STM32L0xx_HAL_Driver/Inc/stm32l0xx_ll_exti.h Drivers/STM32L0xx_HAL_Driver/Inc/stm32l0xx_ll_cortex.h Drivers/STM32L0xx_HAL_Driver/Inc/stm32l0xx_ll_utils.h Drivers/STM32L0xx_HAL_Driver/Inc/stm32l0xx_ll_pwr.h Drivers/STM32L0xx_HAL_Driver/Inc/stm32l0xx_ll_rtc.h Drivers/STM32L0xx_HAL_Driver/Inc/stm32l0xx_ll_spi.h Drivers/STM32L0xx_HAL_Driver/Inc/stm32l0xx_ll_gpio.h Core/Inc/stm32l0xx_it.h user/common/common.h user/pedometer/step_process.h | build
#  Implicit rule search has been done.
#  Implicit/static pattern stem: 'stm32l0xx_it'
#  Last modified 2022-06-15 19:05:49
#  File has been updated.
#  Successfully updated.
#  recipe to execute (from 'Makefile', line 193):
	$(CC) -c $(CFLAGS) -Wa,-a,-ad,-alms=$(BUILD_DIR)/$(notdir $(<:.c=.lst)) $< -o $@

build/STM32L0_BMA253.elf: build/main.o build/gpio.o build/dma.o build/i2c.o build/lptim.o build/usart.o build/rtc.o build/spi.o build/stm32l0xx_it.o build/stm32l0xx_ll_gpio.o build/stm32l0xx_ll_dma.o build/stm32l0xx_ll_i2c.o build/stm32l0xx_ll_rcc.o build/stm32l0xx_ll_utils.o build/stm32l0xx_ll_exti.o build/stm32l0xx_ll_lptim.o build/stm32l0xx_ll_lpuart.o build/stm32l0xx_ll_rtc.o build/stm32l0xx_ll_spi.o build/stm32l0xx_ll_pwr.o build/system_stm32l0xx.o build/acc_printf.o build/bma253_iic.o build/bma253.o build/common.o build/tiny_sscanf.o build/tiny_vsnprintf.o build/utilities.o build/vcom.o build/at.o build/command.o build/step_process.o build/array_queue.o build/w25qxx.o build/write_sflash.o build/startup_stm32l010x4.o Makefile
#  Implicit rule search has not been done.
#  Last modified 2022-06-15 19:05:50
#  File has been updated.
#  Successfully updated.
#  recipe to execute (from 'Makefile', line 199):
	$(CC) $(OBJECTS) $(LDFLAGS) -o $@
	$(SZ) $@

# Not a target:
build/usart.d:
#  Implicit rule search has been done.
#  Last modified 2022-06-15 19:05:48
#  File has been updated.
#  Successfully updated.

build/spi.o: Core/Src/spi.c Makefile Core/Src/spi.c Core/Inc/spi.h Core/Inc/main.h Drivers/STM32L0xx_HAL_Driver/Inc/stm32l0xx_ll_dma.h Drivers/CMSIS/Device/ST/STM32L0xx/Include/stm32l0xx.h Drivers/CMSIS/Device/ST/STM32L0xx/Include/stm32l010x4.h Drivers/CMSIS/Include/core_cm0plus.h Drivers/CMSIS/Include/cmsis_version.h Drivers/CMSIS/Include/cmsis_compiler.h Drivers/CMSIS/Include/cmsis_gcc.h Drivers/CMSIS/Device/ST/STM32L0xx/Include/system_stm32l0xx.h Drivers/STM32L0xx_HAL_Driver/Inc/stm32l0xx_ll_i2c.h Drivers/STM32L0xx_HAL_Driver/Inc/stm32l0xx_ll_lptim.h Drivers/STM32L0xx_HAL_Driver/Inc/stm32l0xx_ll_lpuart.h Drivers/STM32L0xx_HAL_Driver/Inc/stm32l0xx_ll_rcc.h Drivers/STM32L0xx_HAL_Driver/Inc/stm32l0xx_ll_crs.h Drivers/STM32L0xx_HAL_Driver/Inc/stm32l0xx_ll_bus.h Drivers/STM32L0xx_HAL_Driver/Inc/stm32l0xx_ll_system.h Drivers/STM32L0xx_HAL_Driver/Inc/stm32l0xx_ll_exti.h Drivers/STM32L0xx_HAL_Driver/Inc/stm32l0xx_ll_cortex.h Drivers/STM32L0xx_HAL_Driver/Inc/stm32l0xx_ll_utils.h Drivers/STM32L0xx_HAL_Driver/Inc/stm32l0xx_ll_pwr.h Drivers/STM32L0xx_HAL_Driver/Inc/stm32l0xx_ll_rtc.h Drivers/STM32L0xx_HAL_Driver/Inc/stm32l0xx_ll_spi.h Drivers/STM32L0xx_HAL_Driver/Inc/stm32l0xx_ll_gpio.h | build
#  Implicit rule search has been done.
#  Implicit/static pattern stem: 'spi'
#  Last modified 2022-06-15 19:05:48
#  File has been updated.
#  Successfully updated.
#  recipe to execute (from 'Makefile', line 193):
	$(CC) -c $(CFLAGS) -Wa,-a,-ad,-alms=$(BUILD_DIR)/$(notdir $(<:.c=.lst)) $< -o $@

# Not a target:
Drivers/STM32L0xx_HAL_Driver/Src/stm32l0xx_ll_lptim.c:
#  Implicit rule search has been done.
#  Last modified 2021-08-09 19:29:58
#  File has been updated.
#  Successfully updated.

user/lpuart/tiny_sscanf.h:
#  Implicit rule search has been done.
#  Last modified 2019-11-11 17:57:54
#  File has been updated.
#  Successfully updated.

# Not a target:
user/bma253/bma253.c:
#  Implicit rule search has been done.
#  Last modified 2022-02-22 22:16:30
#  File has been updated.
#  Successfully updated.

Drivers/STM32L0xx_HAL_Driver/Inc/stm32l0xx_ll_gpio.h:
#  Implicit rule search has been done.
#  Last modified 2021-08-09 19:29:58
#  File has been updated.
#  Successfully updated.

# Not a target:
user/sflash/write_sflash.c:
#  Implicit rule search has been done.
#  Last modified 2022-06-15 19:04:31
#  File has been updated.
#  Successfully updated.

# Not a target:
user/sflash/w25qxx.c:
#  Implicit rule search has been done.
#  Last modified 2022-02-13 19:46:47
#  File has been updated.
#  Successfully updated.

# Not a target:
Core/Src/lptim.c:
#  Implicit rule search has been done.
#  Last modified 2022-02-13 16:38:12
#  File has been updated.
#  Successfully updated.

# Not a target:
build/array_queue.d:
#  Implicit rule search has been done.
#  Last modified 2022-06-15 19:05:50
#  File has been updated.
#  Successfully updated.

Drivers/STM32L0xx_HAL_Driver/Inc/stm32l0xx_ll_lpuart.h:
#  Implicit rule search has been done.
#  Last modified 2021-08-09 19:29:58
#  File has been updated.
#  Successfully updated.

Core/Inc/dma.h:
#  Implicit rule search has been done.
#  Last modified 2022-02-13 15:49:38
#  File has been updated.
#  Successfully updated.

user/bma253/bma253_iic.h:
#  Implicit rule search has been done.
#  Last modified 2022-02-20 16:54:13
#  File has been updated.
#  Successfully updated.

Core/Inc/rtc.h:
#  Implicit rule search has been done.
#  Last modified 2022-02-13 15:49:40
#  File has been updated.
#  Successfully updated.

# Not a target:
build/lptim.d:
#  Implicit rule search has been done.
#  Last modified 2022-06-15 19:05:48
#  File has been updated.
#  Successfully updated.

Drivers/STM32L0xx_HAL_Driver/Inc/stm32l0xx_ll_crs.h:
#  Implicit rule search has been done.
#  Last modified 2021-08-09 19:29:58
#  File has been updated.
#  Successfully updated.

build/bma253_iic.o: user/bma253/bma253_iic.c Makefile user/bma253/bma253_iic.c user/bma253/bma253_iic.h Core/Inc/main.h Drivers/STM32L0xx_HAL_Driver/Inc/stm32l0xx_ll_dma.h Drivers/CMSIS/Device/ST/STM32L0xx/Include/stm32l0xx.h Drivers/CMSIS/Device/ST/STM32L0xx/Include/stm32l010x4.h Drivers/CMSIS/Include/core_cm0plus.h Drivers/CMSIS/Include/cmsis_version.h Drivers/CMSIS/Include/cmsis_compiler.h Drivers/CMSIS/Include/cmsis_gcc.h Drivers/CMSIS/Device/ST/STM32L0xx/Include/system_stm32l0xx.h Drivers/STM32L0xx_HAL_Driver/Inc/stm32l0xx_ll_i2c.h Drivers/STM32L0xx_HAL_Driver/Inc/stm32l0xx_ll_lptim.h Drivers/STM32L0xx_HAL_Driver/Inc/stm32l0xx_ll_lpuart.h Drivers/STM32L0xx_HAL_Driver/Inc/stm32l0xx_ll_rcc.h Drivers/STM32L0xx_HAL_Driver/Inc/stm32l0xx_ll_crs.h Drivers/STM32L0xx_HAL_Driver/Inc/stm32l0xx_ll_bus.h Drivers/STM32L0xx_HAL_Driver/Inc/stm32l0xx_ll_system.h Drivers/STM32L0xx_HAL_Driver/Inc/stm32l0xx_ll_exti.h Drivers/STM32L0xx_HAL_Driver/Inc/stm32l0xx_ll_cortex.h Drivers/STM32L0xx_HAL_Driver/Inc/stm32l0xx_ll_utils.h Drivers/STM32L0xx_HAL_Driver/Inc/stm32l0xx_ll_pwr.h Drivers/STM32L0xx_HAL_Driver/Inc/stm32l0xx_ll_rtc.h Drivers/STM32L0xx_HAL_Driver/Inc/stm32l0xx_ll_spi.h Drivers/STM32L0xx_HAL_Driver/Inc/stm32l0xx_ll_gpio.h Core/Inc/i2c.h Core/Inc/main.h user/lpuart/vcom.h | build
#  Implicit rule search has been done.
#  Implicit/static pattern stem: 'bma253_iic'
#  Last modified 2022-06-15 19:05:49
#  File has been updated.
#  Successfully updated.
#  recipe to execute (from 'Makefile', line 193):
	$(CC) -c $(CFLAGS) -Wa,-a,-ad,-alms=$(BUILD_DIR)/$(notdir $(<:.c=.lst)) $< -o $@

Core/Inc/gpio.h:
#  Implicit rule search has been done.
#  Last modified 2022-02-13 15:49:36
#  File has been updated.
#  Successfully updated.

build/STM32L0_BMA253.bin: build/STM32L0_BMA253.elf | build
#  Implicit rule search has been done.
#  Implicit/static pattern stem: 'STM32L0_BMA253'
#  Last modified 2022-06-15 19:05:50
#  File has been updated.
#  Successfully updated.
#  recipe to execute (from 'Makefile', line 206):
	$(BIN) $< $@

# Not a target:
build/rtc.d:
#  Implicit rule search has been done.
#  Last modified 2022-06-15 19:05:48
#  File has been updated.
#  Successfully updated.

Drivers/STM32L0xx_HAL_Driver/Inc/stm32l0xx_ll_rcc.h:
#  Implicit rule search has been done.
#  Last modified 2021-08-09 19:29:58
#  File has been updated.
#  Successfully updated.

# Not a target:
build/stm32l0xx_ll_pwr.d:
#  Implicit rule search has been done.
#  Last modified 2022-06-15 19:05:49
#  File has been updated.
#  Successfully updated.

# Not a target:
Drivers/STM32L0xx_HAL_Driver/Src/stm32l0xx_ll_gpio.c:
#  Implicit rule search has been done.
#  Last modified 2021-08-09 19:29:58
#  File has been updated.
#  Successfully updated.

# Not a target:
Core/Src/system_stm32l0xx.c:
#  Implicit rule search has been done.
#  Last modified 2020-04-29 08:29:54
#  File has been updated.
#  Successfully updated.

Drivers/STM32L0xx_HAL_Driver/Inc/stm32l0xx_ll_rtc.h:
#  Implicit rule search has been done.
#  Last modified 2021-08-09 19:29:58
#  File has been updated.
#  Successfully updated.

build/at.o: user/pedometer/at.c Makefile user/pedometer/at.c user/pedometer/at.h user/lpuart/utilities.h Core/Inc/main.h Drivers/STM32L0xx_HAL_Driver/Inc/stm32l0xx_ll_dma.h Drivers/CMSIS/Device/ST/STM32L0xx/Include/stm32l0xx.h Drivers/CMSIS/Device/ST/STM32L0xx/Include/stm32l010x4.h Drivers/CMSIS/Include/core_cm0plus.h Drivers/CMSIS/Include/cmsis_version.h Drivers/CMSIS/Include/cmsis_compiler.h Drivers/CMSIS/Include/cmsis_gcc.h Drivers/CMSIS/Device/ST/STM32L0xx/Include/system_stm32l0xx.h Drivers/STM32L0xx_HAL_Driver/Inc/stm32l0xx_ll_i2c.h Drivers/STM32L0xx_HAL_Driver/Inc/stm32l0xx_ll_lptim.h Drivers/STM32L0xx_HAL_Driver/Inc/stm32l0xx_ll_lpuart.h Drivers/STM32L0xx_HAL_Driver/Inc/stm32l0xx_ll_rcc.h Drivers/STM32L0xx_HAL_Driver/Inc/stm32l0xx_ll_crs.h Drivers/STM32L0xx_HAL_Driver/Inc/stm32l0xx_ll_bus.h Drivers/STM32L0xx_HAL_Driver/Inc/stm32l0xx_ll_system.h Drivers/STM32L0xx_HAL_Driver/Inc/stm32l0xx_ll_exti.h Drivers/STM32L0xx_HAL_Driver/Inc/stm32l0xx_ll_cortex.h Drivers/STM32L0xx_HAL_Driver/Inc/stm32l0xx_ll_utils.h Drivers/STM32L0xx_HAL_Driver/Inc/stm32l0xx_ll_pwr.h Drivers/STM32L0xx_HAL_Driver/Inc/stm32l0xx_ll_rtc.h Drivers/STM32L0xx_HAL_Driver/Inc/stm32l0xx_ll_spi.h Drivers/STM32L0xx_HAL_Driver/Inc/stm32l0xx_ll_gpio.h user/lpuart/vcom.h user/lpuart/tiny_sscanf.h | build
#  Implicit rule search has been done.
#  Implicit/static pattern stem: 'at'
#  Last modified 2022-06-15 19:05:50
#  File has been updated.
#  Successfully updated.
#  recipe to execute (from 'Makefile', line 193):
	$(CC) -c $(CFLAGS) -Wa,-a,-ad,-alms=$(BUILD_DIR)/$(notdir $(<:.c=.lst)) $< -o $@

# Not a target:
Drivers/STM32L0xx_HAL_Driver/Src/stm32l0xx_ll_lpuart.c:
#  Implicit rule search has been done.
#  Last modified 2021-08-09 19:29:58
#  File has been updated.
#  Successfully updated.

build/stm32l0xx_ll_i2c.o: Drivers/STM32L0xx_HAL_Driver/Src/stm32l0xx_ll_i2c.c Makefile Drivers/STM32L0xx_HAL_Driver/Src/stm32l0xx_ll_i2c.c Drivers/STM32L0xx_HAL_Driver/Inc/stm32l0xx_ll_i2c.h Drivers/CMSIS/Device/ST/STM32L0xx/Include/stm32l0xx.h Drivers/CMSIS/Device/ST/STM32L0xx/Include/stm32l010x4.h Drivers/CMSIS/Include/core_cm0plus.h Drivers/CMSIS/Include/cmsis_version.h Drivers/CMSIS/Include/cmsis_compiler.h Drivers/CMSIS/Include/cmsis_gcc.h Drivers/CMSIS/Device/ST/STM32L0xx/Include/system_stm32l0xx.h Drivers/STM32L0xx_HAL_Driver/Inc/stm32l0xx_ll_bus.h | build
#  Implicit rule search has been done.
#  Implicit/static pattern stem: 'stm32l0xx_ll_i2c'
#  Last modified 2022-06-15 19:05:49
#  File has been updated.
#  Successfully updated.
#  recipe to execute (from 'Makefile', line 193):
	$(CC) -c $(CFLAGS) -Wa,-a,-ad,-alms=$(BUILD_DIR)/$(notdir $(<:.c=.lst)) $< -o $@

# Not a target:
Core/Src/dma.c:
#  Implicit rule search has been done.
#  Last modified 2022-02-13 15:49:38
#  File has been updated.
#  Successfully updated.

# Not a target:
build/system_stm32l0xx.d:
#  Implicit rule search has been done.
#  Last modified 2022-06-15 19:05:49
#  File has been updated.
#  Successfully updated.

# files hash-table stats:
# Load=162/1024=16%, Rehash=0, Collisions=223/2300=10%
# VPATH Search Paths

vpath %.c Core/Src;Drivers/STM32L0xx_HAL_Driver/Src;user/acc_printf;user/bma253;user/common;user/lpuart;user/pedometer;user/sflash

# 1 'vpath' search paths.

# No general ('VPATH' variable) search path.

# strcache buffers: 1 (0) / strings = 387 / storage = 7231 B / avg = 18 B
# current buf: size = 8162 B / used = 7231 B / count = 387 / avg = 18 B

# strcache performance: lookups = 2740 / hit rate = 85%
# hash-table stats:
# Load=387/8192=5%, Rehash=0, Collisions=49/2740=2%
# Finished Make data base on Wed Jun 15 19:06:06 2022

 
